#
# A fatal error has been detected by the Java Runtime Environment:
#
#  SIGSEGV (0xb) at pc=0xb75ad7e0, pid=3106, tid=3063253824
#
# JRE version: OpenJDK Runtime Environment (7.0_55-b14) (build 1.7.0_55-b14)
# Java VM: OpenJDK Client VM (24.51-b03 mixed mode, sharing linux-x86 )
# Problematic frame:
# C  [libc.so.6+0x777e0]  cfree+0x40
#
# Failed to write core dump. Core dumps have been disabled. To enable core dumping, try "ulimit -c unlimited" before starting Java again
#
# If you would like to submit a bug report, please include
# instructions on how to reproduce the bug and visit:
#   http://icedtea.classpath.org/bugzilla
# The crash happened outside the Java Virtual Machine in native code.
# See problematic frame for where to report the bug.
#

---------------  T H R E A D  ---------------

Current thread (0xb6807400):  JavaThread "main" [_thread_in_native, id=3107, stack(0xb6908000,0xb6959000)]

siginfo:si_signo=SIGSEGV: si_errno=0, si_code=1 (SEGV_MAPERR), si_addr=0xb3a00000

Registers:
EAX=0xb3a00000, EBX=0xb76e1000, ECX=0x00000004, EDX=0xb3abfa58
ESP=0xb6957f30, EBP=0xb6957f78, ESI=0x8e9521bc, EDI=0xb6807400
EIP=0xb75ad7e0, EFLAGS=0x00010286, CR2=0xb3a00000

Top of Stack: (sp=0xb6957f30)
0xb6957f30:   b3a74b58 b3a73958 b70d1000 b3acb000
0xb6957f40:   8e9521bc b75ad7a6 b3acb000 b3ab6c2d
0xb6957f50:   b3abfa60 b3abfa60 8e9521bc b6807400
0xb6957f60:   b6957fa8 b3abfa60 b68310d0 b3ab6b7b
0xb6957f70:   b3acb000 b6807400 b6957fa8 b3ab6c5e
0xb6957f80:   b6807528 b3abfa60 b6957f94 b6957fb8
0xb6957f90:   8e9521c0 8e9521bc b6807400 b6957fe4
0xb6957fa0:   b4789a2e 8e9521c0 b6957fe4 b4789b33 

Instructions: (pc=0xb75ad7e0)
0xb75ad7c0:   c9 74 7d 8d 51 f8 8b 49 fc f6 c1 02 75 2a 83 e1
0xb75ad7d0:   04 8d 83 20 04 00 00 74 09 89 d0 25 00 00 f0 ff
0xb75ad7e0:   8b 00 c7 44 24 20 00 00 00 00 83 c4 18 5b e9 2d
0xb75ad7f0:   cd ff ff 90 8d 74 26 00 8b 83 40 01 00 00 85 c0 

Register to memory mapping:

EAX=0xb3a00000 is an unknown value
EBX=0xb76e1000: <offset 0x1ab000> in /lib/i386-linux-gnu/libc.so.6 at 0xb7536000
ECX=0x00000004 is an unknown value
EDX=0xb3abfa58: <offset 0x4ea58> in /home/orifanne/git/sr_client1/BlogService/libsslog.so at 0xb3a71000
ESP=0xb6957f30 is pointing into the stack for thread: 0xb6807400
EBP=0xb6957f78 is pointing into the stack for thread: 0xb6807400
ESI=0x8e9521bc is pointing into object: 0x8e952190
{constMethod} 
 - klass: {other class}
 - constants:       0x8e951868 constant pool [273] for 'BlogService' cache=0x8e952cd0
EDI=0xb6807400 is a thread


Stack: [0xb6908000,0xb6959000],  sp=0xb6957f30,  free space=319k
Native frames: (J=compiled Java code, j=interpreted, Vv=VM code, C=native code)
C  [libc.so.6+0x777e0]  cfree+0x40
C  [libsslog.so+0x45c5e]  Java_BlogService_loadTimeslotList+0x27
j  BlogService.loadTimeslotList(LBlogService;)I+0
j  BlogService.getThemesFromSS()[Ljava/lang/String;+12
j  BlogService.main([Ljava/lang/String;)V+93
v  ~StubRoutines::call_stub
V  [libjvm.so+0x2a6356]  JavaCalls::call_helper(JavaValue*, methodHandle*, JavaCallArguments*, Thread*)+0x386

Java frames: (J=compiled Java code, j=interpreted, Vv=VM code)
j  BlogService.loadTimeslotList(LBlogService;)I+0
j  BlogService.getThemesFromSS()[Ljava/lang/String;+12
j  BlogService.main([Ljava/lang/String;)V+93
v  ~StubRoutines::call_stub

---------------  P R O C E S S  ---------------

Java Threads: ( => current thread )
  0xb6880400 JavaThread "Thread-0" [_thread_in_native, id=3115, stack(0xb3a20000,0xb3a71000)]
  0xb684b400 JavaThread "Service Thread" daemon [_thread_blocked, id=3113, stack(0xb400d000,0xb405e000)]
  0xb6849400 JavaThread "C1 CompilerThread0" daemon [_thread_blocked, id=3112, stack(0xb3b4d000,0xb3bce000)]
  0xb6847800 JavaThread "Signal Dispatcher" daemon [_thread_blocked, id=3111, stack(0xb405e000,0xb40af000)]
  0xb6833000 JavaThread "Finalizer" daemon [_thread_blocked, id=3110, stack(0xb40af000,0xb4100000)]
  0xb6831800 JavaThread "Reference Handler" daemon [_thread_blocked, id=3109, stack(0xb4243000,0xb4294000)]
=>0xb6807400 JavaThread "main" [_thread_in_native, id=3107, stack(0xb6908000,0xb6959000)]

Other Threads:
  0xb6830000 VMThread [stack: 0xb4294000,0xb4315000] [id=3108]
  0xb684d800 WatcherThread [stack: 0xb3acc000,0xb3b4d000] [id=3114]

VM state:not at safepoint (normal execution)

VM Mutex/Monitor currently owned by a thread: None

Heap
 def new generation   total 4736K, used 354K [0x6f930000, 0x6fe50000, 0x79e80000)
  eden space 4224K,   8% used [0x6f930000, 0x6f988928, 0x6fd50000)
  from space 512K,   0% used [0x6fd50000, 0x6fd50000, 0x6fdd0000)
  to   space 512K,   0% used [0x6fdd0000, 0x6fdd0000, 0x6fe50000)
 tenured generation   total 10624K, used 0K [0x79e80000, 0x7a8e0000, 0x8e930000)
   the space 10624K,   0% used [0x79e80000, 0x79e80000, 0x79e80200, 0x7a8e0000)
 compacting perm gen  total 12288K, used 142K [0x8e930000, 0x8f530000, 0x92930000)
   the space 12288K,   1% used [0x8e930000, 0x8e953850, 0x8e953a00, 0x8f530000)
    ro space 10240K,  58% used [0x92930000, 0x92f0cc30, 0x92f0ce00, 0x93330000)
    rw space 12288K,  59% used [0x93330000, 0x93a4d098, 0x93a4d200, 0x93f30000)

Card table byte_map: [0xb45db000,0xb46ff000] byte_map_base: 0xb425e680

Polling page: 0xb76e9000

Code Cache  [0xb477f000, 0xb4817000, 0xb677f000)
 total_blobs=139 nmethods=9 adapters=68 free_code_cache=32164Kb largest_free_block=32936768

Compilation events (10 events):
Event: 0,145 Thread 0xb6849400    5             sun.nio.cs.UTF_8$Encoder::encode (361 bytes)
Event: 0,149 Thread 0xb6849400 nmethod 5 0xb4810a08 code [0xb4810b60, 0xb4810fe8]
Event: 0,153 Thread 0xb6849400    6             java.io.UnixFileSystem::normalize (75 bytes)
Event: 0,155 Thread 0xb6849400 nmethod 6 0xb48115c8 code [0xb4811700, 0xb48118d4]
Event: 0,155 Thread 0xb6849400    7             java.lang.String::lastIndexOf (52 bytes)
Event: 0,156 Thread 0xb6849400 nmethod 7 0xb4811b48 code [0xb4811c50, 0xb4811d5c]
Event: 0,169 Thread 0xb6849400    8             sun.nio.cs.UTF_8$Decoder::decode (640 bytes)
Event: 0,186 Thread 0xb6849400 nmethod 8 0xb4811e48 code [0xb4812220, 0xb481361c]
Event: 0,186 Thread 0xb6849400    9             java.lang.Object::<init> (1 bytes)
Event: 0,186 Thread 0xb6849400 nmethod 9 0xb4815ac8 code [0xb4815bc0, 0xb4815c50]

GC Heap History (0 events):
No events

Deoptimization events (0 events):
No events

Internal exceptions (6 events):
Event: 0,061 Thread 0xb6807400 Threw 0x6f935898 at /build/buildd/openjdk-7-7u55-2.4.7/build/openjdk/hotspot/src/share/vm/prims/jni.cpp:3991
Event: 0,158 Thread 0xb6807400 Threw 0x6f963468 at /build/buildd/openjdk-7-7u55-2.4.7/build/openjdk/hotspot/src/share/vm/prims/jni.cpp:717
Event: 0,158 Thread 0xb6807400 Threw 0x6f963580 at /build/buildd/openjdk-7-7u55-2.4.7/build/openjdk/hotspot/src/share/vm/prims/jvm.cpp:1244
Event: 0,158 Thread 0xb6807400 Threw 0x6f963698 at /build/buildd/openjdk-7-7u55-2.4.7/build/openjdk/hotspot/src/share/vm/prims/jvm.cpp:1244
Event: 0,159 Thread 0xb6807400 Threw 0x6f9638c8 at /build/buildd/openjdk-7-7u55-2.4.7/build/openjdk/hotspot/src/share/vm/prims/jvm.cpp:1244
Event: 0,171 Thread 0xb6807400 Threw 0x6f96b470 at /build/buildd/openjdk-7-7u55-2.4.7/build/openjdk/hotspot/src/share/vm/prims/jvm.cpp:1244

Events (10 events):
Event: 0,150 loading class 0x940531b8 done
Event: 0,150 loading class 0x94052198
Event: 0,150 loading class 0x94052198 done
Event: 0,158 loading class 0x940531f8
Event: 0,158 loading class 0x940531f8 done
Event: 0,161 loading class 0x93f6b3e0
Event: 0,161 loading class 0x93f6b3e0 done
Event: 0,171 loading class 0xb68780b8
Event: 0,171 loading class 0xb68780b8 done
Event: 0,174 Thread 0xb6880400 Thread added: 0xb6880400


Dynamic libraries:
08048000-08049000 r-xp 00000000 08:05 3681499    /usr/lib/jvm/java-7-openjdk-i386/jre/bin/java
08049000-0804a000 r--p 00000000 08:05 3681499    /usr/lib/jvm/java-7-openjdk-i386/jre/bin/java
0804a000-0804b000 rw-p 00001000 08:05 3681499    /usr/lib/jvm/java-7-openjdk-i386/jre/bin/java
08f85000-08fa6000 rw-p 00000000 00:00 0          [heap]
6f930000-6fe50000 rw-p 00000000 00:00 0 
6fe50000-79e80000 rw-p 00000000 00:00 0 
79e80000-7a8e0000 rw-p 00000000 00:00 0 
7a8e0000-8e930000 rw-p 00000000 00:00 0 
8e930000-8f530000 rw-p 00000000 00:00 0 
8f530000-92930000 rw-p 00000000 00:00 0 
92930000-92f0d000 r--p 00001000 08:05 3682205    /usr/lib/jvm/java-7-openjdk-i386/jre/lib/i386/client/classes.jsa
92f0d000-93330000 rw-p 00000000 00:00 0 
93330000-93a4e000 rw-p 005de000 08:05 3682205    /usr/lib/jvm/java-7-openjdk-i386/jre/lib/i386/client/classes.jsa
93a4e000-93f30000 rw-p 00000000 00:00 0 
93f30000-9423e000 rw-p 00cfc000 08:05 3682205    /usr/lib/jvm/java-7-openjdk-i386/jre/lib/i386/client/classes.jsa
9423e000-94330000 rw-p 00000000 00:00 0 
94330000-94339000 r-xp 0100a000 08:05 3682205    /usr/lib/jvm/java-7-openjdk-i386/jre/lib/i386/client/classes.jsa
94339000-94730000 rw-p 00000000 00:00 0 
b38e2000-b3a20000 rw-p 00000000 00:00 0 
b3a20000-b3a23000 ---p 00000000 00:00 0 
b3a23000-b3a71000 rw-p 00000000 00:00 0          [stack:3115]
b3a71000-b3ac9000 r-xp 00000000 08:05 1576439    /home/orifanne/git/sr_client1/BlogService/libsslog.so
b3ac9000-b3acb000 r--p 00058000 08:05 1576439    /home/orifanne/git/sr_client1/BlogService/libsslog.so
b3acb000-b3acc000 rw-p 0005a000 08:05 1576439    /home/orifanne/git/sr_client1/BlogService/libsslog.so
b3acc000-b3acd000 ---p 00000000 00:00 0 
b3acd000-b3b4d000 rw-p 00000000 00:00 0          [stack:3114]
b3b4d000-b3b50000 ---p 00000000 00:00 0 
b3b50000-b3bce000 rw-p 00000000 00:00 0          [stack:3112]
b3bce000-b3d00000 r--p 00858000 08:05 3678480    /usr/lib/locale/locale-archive
b3d00000-b3f00000 r--p 00000000 08:05 3678480    /usr/lib/locale/locale-archive
b3f00000-b3f21000 rw-p 00000000 00:00 0 
b3f21000-b4000000 ---p 00000000 00:00 0 
b400d000-b4010000 ---p 00000000 00:00 0 
b4010000-b405e000 rw-p 00000000 00:00 0          [stack:3113]
b405e000-b4061000 ---p 00000000 00:00 0 
b4061000-b40af000 rw-p 00000000 00:00 0          [stack:3111]
b40af000-b40b2000 ---p 00000000 00:00 0 
b40b2000-b4100000 rw-p 00000000 00:00 0          [stack:3110]
b4100000-b416d000 rw-p 00000000 00:00 0 
b416d000-b4200000 ---p 00000000 00:00 0 
b4235000-b4236000 rw-p 00000000 00:00 0 
b4236000-b4238000 r--s 00012000 08:05 3681426    /usr/lib/jvm/java-7-openjdk-i386/jre/lib/ext/zipfs.jar
b4238000-b423b000 r--s 0000f000 08:05 3681423    /usr/lib/jvm/java-7-openjdk-i386/jre/lib/ext/pulse-java.jar
b423b000-b423f000 r--s 00085000 08:05 3681425    /usr/lib/jvm/java-7-openjdk-i386/jre/lib/ext/localedata.jar
b423f000-b4240000 r--s 00002000 08:05 3681421    /usr/lib/jvm/java-7-openjdk-i386/jre/lib/ext/dnsns.jar
b4240000-b4243000 r--s 00032000 08:05 3681422    /usr/lib/jvm/java-7-openjdk-i386/jre/lib/ext/sunjce_provider.jar
b4243000-b4246000 ---p 00000000 00:00 0 
b4246000-b4294000 rw-p 00000000 00:00 0          [stack:3109]
b4294000-b4295000 ---p 00000000 00:00 0 
b4295000-b435e000 rw-p 00000000 00:00 0          [stack:3108]
b435e000-b450d000 r--s 01cfb000 08:05 3681428    /usr/lib/jvm/java-7-openjdk-i386/jre/lib/rt.jar
b450d000-b451b000 rw-p 00000000 00:00 0 
b451b000-b4535000 rw-p 00000000 00:00 0 
b4535000-b453b000 rw-p 00000000 00:00 0 
b453b000-b45db000 rw-p 00000000 00:00 0 
b45db000-b45de000 rw-p 00000000 00:00 0 
b45de000-b462d000 rw-p 00000000 00:00 0 
b462d000-b4633000 rw-p 00000000 00:00 0 
b4633000-b46d3000 rw-p 00000000 00:00 0 
b46d3000-b46d9000 rw-p 00000000 00:00 0 
b46d9000-b46f3000 rw-p 00000000 00:00 0 
b46f3000-b4702000 rw-p 00000000 00:00 0 
b4702000-b477f000 rw-p 00000000 00:00 0 
b477f000-b4817000 rwxp 00000000 00:00 0 
b4817000-b677f000 rw-p 00000000 00:00 0 
b677f000-b678a000 r-xp 00000000 08:05 4064295    /lib/i386-linux-gnu/libnss_files-2.19.so
b678a000-b678b000 r--p 0000a000 08:05 4064295    /lib/i386-linux-gnu/libnss_files-2.19.so
b678b000-b678c000 rw-p 0000b000 08:05 4064295    /lib/i386-linux-gnu/libnss_files-2.19.so
b678c000-b6796000 r-xp 00000000 08:05 4064305    /lib/i386-linux-gnu/libnss_nis-2.19.so
b6796000-b6797000 r--p 00009000 08:05 4064305    /lib/i386-linux-gnu/libnss_nis-2.19.so
b6797000-b6798000 rw-p 0000a000 08:05 4064305    /lib/i386-linux-gnu/libnss_nis-2.19.so
b6798000-b67ad000 r-xp 00000000 08:05 4064289    /lib/i386-linux-gnu/libnsl-2.19.so
b67ad000-b67ae000 r--p 00015000 08:05 4064289    /lib/i386-linux-gnu/libnsl-2.19.so
b67ae000-b67af000 rw-p 00016000 08:05 4064289    /lib/i386-linux-gnu/libnsl-2.19.so
b67af000-b67b1000 rw-p 00000000 00:00 0 
b67b1000-b67b8000 r-xp 00000000 08:05 4064291    /lib/i386-linux-gnu/libnss_compat-2.19.so
b67b8000-b67b9000 r--p 00006000 08:05 4064291    /lib/i386-linux-gnu/libnss_compat-2.19.so
b67b9000-b67ba000 rw-p 00007000 08:05 4064291    /lib/i386-linux-gnu/libnss_compat-2.19.so
b67ba000-b67be000 r--s 0003b000 08:05 3681424    /usr/lib/jvm/java-7-openjdk-i386/jre/lib/ext/sunpkcs11.jar
b67be000-b67c4000 rw-p 00000000 00:00 0 
b67c4000-b67cc000 r-xp 00000000 08:05 3681474    /usr/lib/jvm/java-7-openjdk-i386/jre/lib/i386/libzip.so
b67cc000-b67cd000 r--p 00007000 08:05 3681474    /usr/lib/jvm/java-7-openjdk-i386/jre/lib/i386/libzip.so
b67cd000-b67ce000 rw-p 00008000 08:05 3681474    /usr/lib/jvm/java-7-openjdk-i386/jre/lib/i386/libzip.so
b67ce000-b67f5000 r-xp 00000000 08:05 3681454    /usr/lib/jvm/java-7-openjdk-i386/jre/lib/i386/libjava.so
b67f5000-b67f6000 r--p 00026000 08:05 3681454    /usr/lib/jvm/java-7-openjdk-i386/jre/lib/i386/libjava.so
b67f6000-b67f7000 rw-p 00027000 08:05 3681454    /usr/lib/jvm/java-7-openjdk-i386/jre/lib/i386/libjava.so
b67f7000-b67fe000 r-xp 00000000 08:05 4064348    /lib/i386-linux-gnu/librt-2.19.so
b67fe000-b67ff000 r--p 00006000 08:05 4064348    /lib/i386-linux-gnu/librt-2.19.so
b67ff000-b6800000 rw-p 00007000 08:05 4064348    /lib/i386-linux-gnu/librt-2.19.so
b6800000-b6898000 rw-p 00000000 00:00 0 
b6898000-b6900000 ---p 00000000 00:00 0 
b6900000-b6908000 rw-s 00000000 08:05 1836018    /tmp/hsperfdata_orifanne/3106
b6908000-b690b000 ---p 00000000 00:00 0 
b690b000-b6959000 rw-p 00000000 00:00 0          [stack:3107]
b6959000-b6975000 r-xp 00000000 08:05 4064247    /lib/i386-linux-gnu/libgcc_s.so.1
b6975000-b6976000 rw-p 0001b000 08:05 4064247    /lib/i386-linux-gnu/libgcc_s.so.1
b6976000-b69ba000 r-xp 00000000 08:05 4064270    /lib/i386-linux-gnu/libm-2.19.so
b69ba000-b69bb000 r--p 00043000 08:05 4064270    /lib/i386-linux-gnu/libm-2.19.so
b69bb000-b69bc000 rw-p 00044000 08:05 4064270    /lib/i386-linux-gnu/libm-2.19.so
b69bc000-b6a98000 r-xp 00000000 08:05 3676233    /usr/lib/i386-linux-gnu/libstdc++.so.6.0.19
b6a98000-b6a99000 ---p 000dc000 08:05 3676233    /usr/lib/i386-linux-gnu/libstdc++.so.6.0.19
b6a99000-b6a9d000 r--p 000dc000 08:05 3676233    /usr/lib/i386-linux-gnu/libstdc++.so.6.0.19
b6a9d000-b6a9e000 rw-p 000e0000 08:05 3676233    /usr/lib/i386-linux-gnu/libstdc++.so.6.0.19
b6a9e000-b6aa5000 rw-p 00000000 00:00 0 
b6aa5000-b70bb000 r-xp 00000000 08:05 3681472    /usr/lib/jvm/java-7-openjdk-i386/jre/lib/i386/client/libjvm.so
b70bb000-b70d1000 r--p 00615000 08:05 3681472    /usr/lib/jvm/java-7-openjdk-i386/jre/lib/i386/client/libjvm.so
b70d1000-b70e0000 rw-p 0062b000 08:05 3681472    /usr/lib/jvm/java-7-openjdk-i386/jre/lib/i386/client/libjvm.so
b70e0000-b74fb000 rw-p 00000000 00:00 0 
b74fb000-b7513000 r-xp 00000000 08:05 4064383    /lib/i386-linux-gnu/libz.so.1.2.8
b7513000-b7514000 r--p 00017000 08:05 4064383    /lib/i386-linux-gnu/libz.so.1.2.8
b7514000-b7515000 rw-p 00018000 08:05 4064383    /lib/i386-linux-gnu/libz.so.1.2.8
b7515000-b752d000 r-xp 00000000 08:05 4064340    /lib/i386-linux-gnu/libpthread-2.19.so
b752d000-b752e000 r--p 00017000 08:05 4064340    /lib/i386-linux-gnu/libpthread-2.19.so
b752e000-b752f000 rw-p 00018000 08:05 4064340    /lib/i386-linux-gnu/libpthread-2.19.so
b752f000-b7531000 rw-p 00000000 00:00 0 
b7531000-b7534000 r-xp 00000000 08:05 4064237    /lib/i386-linux-gnu/libdl-2.19.so
b7534000-b7535000 r--p 00002000 08:05 4064237    /lib/i386-linux-gnu/libdl-2.19.so
b7535000-b7536000 rw-p 00003000 08:05 4064237    /lib/i386-linux-gnu/libdl-2.19.so
b7536000-b76df000 r-xp 00000000 08:05 4064220    /lib/i386-linux-gnu/libc-2.19.so
b76df000-b76e1000 r--p 001a9000 08:05 4064220    /lib/i386-linux-gnu/libc-2.19.so
b76e1000-b76e2000 rw-p 001ab000 08:05 4064220    /lib/i386-linux-gnu/libc-2.19.so
b76e2000-b76e6000 rw-p 00000000 00:00 0 
b76e6000-b76e8000 r--s 00006000 08:05 4336135    /usr/share/java/java-atk-wrapper.jar
b76e8000-b76e9000 rw-p 00000000 00:00 0 
b76e9000-b76ea000 r--p 00000000 00:00 0 
b76ea000-b76f8000 r-xp 00000000 08:05 3681465    /usr/lib/jvm/java-7-openjdk-i386/jre/lib/i386/libverify.so
b76f8000-b76f9000 r--p 0000d000 08:05 3681465    /usr/lib/jvm/java-7-openjdk-i386/jre/lib/i386/libverify.so
b76f9000-b76fa000 rw-p 0000e000 08:05 3681465    /usr/lib/jvm/java-7-openjdk-i386/jre/lib/i386/libverify.so
b76fa000-b7706000 r-xp 00000000 08:05 3681456    /usr/lib/jvm/java-7-openjdk-i386/jre/lib/i386/jli/libjli.so
b7706000-b7707000 r--p 0000c000 08:05 3681456    /usr/lib/jvm/java-7-openjdk-i386/jre/lib/i386/jli/libjli.so
b7707000-b7708000 rw-p 0000d000 08:05 3681456    /usr/lib/jvm/java-7-openjdk-i386/jre/lib/i386/jli/libjli.so
b7708000-b770a000 rw-p 00000000 00:00 0 
b770a000-b770b000 r-xp 00000000 00:00 0          [vdso]
b770b000-b772b000 r-xp 00000000 08:05 4064196    /lib/i386-linux-gnu/ld-2.19.so
b772b000-b772c000 r--p 0001f000 08:05 4064196    /lib/i386-linux-gnu/ld-2.19.so
b772c000-b772d000 rw-p 00020000 08:05 4064196    /lib/i386-linux-gnu/ld-2.19.so
bf929000-bf94a000 rw-p 00000000 00:00 0          [stack]

VM Arguments:
java_command: BlogService
Launcher Type: SUN_STANDARD

Environment Variables:
PATH=/usr/local/sbin:/usr/local/bin:/usr/sbin:/usr/bin:/sbin:/bin:/usr/games:/usr/local/games
SHELL=/bin/bash
DISPLAY=:0

Signal Handlers:
SIGSEGV: [libjvm.so+0x4d6860], sa_mask[0]=0x7ffbfeff, sa_flags=0x10000004
SIGBUS: [libjvm.so+0x4d6860], sa_mask[0]=0x7ffbfeff, sa_flags=0x10000004
SIGFPE: [libjvm.so+0x3babf0], sa_mask[0]=0x7ffbfeff, sa_flags=0x10000004
SIGPIPE: [libjvm.so+0x3babf0], sa_mask[0]=0x7ffbfeff, sa_flags=0x10000004
SIGXFSZ: [libjvm.so+0x3babf0], sa_mask[0]=0x7ffbfeff, sa_flags=0x10000004
SIGILL: [libjvm.so+0x3babf0], sa_mask[0]=0x7ffbfeff, sa_flags=0x10000004
SIGUSR1: SIG_DFL, sa_mask[0]=0x00000000, sa_flags=0x00000000
SIGUSR2: [libjvm.so+0x3baa80], sa_mask[0]=0x00000000, sa_flags=0x10000004
SIGHUP: [libjvm.so+0x3bacb0], sa_mask[0]=0x7ffbfeff, sa_flags=0x10000004
SIGINT: [libjvm.so+0x3bacb0], sa_mask[0]=0x7ffbfeff, sa_flags=0x10000004
SIGTERM: [libjvm.so+0x3bacb0], sa_mask[0]=0x7ffbfeff, sa_flags=0x10000004
SIGQUIT: [libjvm.so+0x3bacb0], sa_mask[0]=0x7ffbfeff, sa_flags=0x10000004


---------------  S Y S T E M  ---------------

OS:Ubuntu 14.04 (trusty)
uname:Linux 3.13.0-24-generic #46-Ubuntu SMP Thu Apr 10 19:08:14 UTC 2014 i686
libc:glibc 2.19 NPTL 2.19 
rlimit: STACK 8192k, CORE 0k, NPROC 7780, NOFILE 4096, AS infinity
load average:1,18 0,70 0,61

/proc/meminfo:
MemTotal:        1014928 kB
MemFree:           30808 kB
Buffers:            9184 kB
Cached:           233428 kB
SwapCached:        70488 kB
Active:           459956 kB
Inactive:         447792 kB
Active(anon):     372188 kB
Inactive(anon):   387904 kB
Active(file):      87768 kB
Inactive(file):    59888 kB
Unevictable:          16 kB
Mlocked:              16 kB
HighTotal:        125704 kB
HighFree:           5636 kB
LowTotal:         889224 kB
LowFree:           25172 kB
SwapTotal:      13211644 kB
SwapFree:       12690336 kB
Dirty:               568 kB
Writeback:             0 kB
AnonPages:        616132 kB
Mapped:            71800 kB
Shmem:             94956 kB
Slab:              37156 kB
SReclaimable:      18872 kB
SUnreclaim:        18284 kB
KernelStack:        3648 kB
PageTables:        11388 kB
NFS_Unstable:          0 kB
Bounce:                0 kB
WritebackTmp:          0 kB
CommitLimit:    13719108 kB
Committed_AS:    4718696 kB
VmallocTotal:     122880 kB
VmallocUsed:       13616 kB
VmallocChunk:      75892 kB
HardwareCorrupted:     0 kB
AnonHugePages:         0 kB
HugePages_Total:       0
HugePages_Free:        0
HugePages_Rsvd:        0
HugePages_Surp:        0
Hugepagesize:       2048 kB
DirectMap4k:      913400 kB
DirectMap2M:           0 kB


CPU:total 2 (1 cores per cpu, 2 threads per core) family 6 model 28 stepping 2, cmov, cx8, fxsr, mmx, sse, sse2, sse3, ssse3, ht, tsc

/proc/cpuinfo:
processor	: 0
vendor_id	: GenuineIntel
cpu family	: 6
model		: 28
model name	: Intel(R) Atom(TM) CPU N270   @ 1.60GHz
stepping	: 2
microcode	: 0x20a
cpu MHz		: 1600.000
cache size	: 512 KB
physical id	: 0
siblings	: 2
core id		: 0
cpu cores	: 1
apicid		: 0
initial apicid	: 0
fdiv_bug	: no
f00f_bug	: no
coma_bug	: no
fpu		: yes
fpu_exception	: yes
cpuid level	: 10
wp		: yes
flags		: fpu vme de tsc msr pae mce cx8 apic sep mtrr pge mca cmov pat clflush dts acpi mmx fxsr sse sse2 ss ht tm pbe nx constant_tsc arch_perfmon pebs bts aperfmperf pni dtes64 monitor ds_cpl est tm2 ssse3 xtpr pdcm movbe lahf_lm dtherm
bogomips	: 3191.82
clflush size	: 64
cache_alignment	: 64
address sizes	: 32 bits physical, 32 bits virtual
power management:

processor	: 1
vendor_id	: GenuineIntel
cpu family	: 6
model		: 28
model name	: Intel(R) Atom(TM) CPU N270   @ 1.60GHz
stepping	: 2
microcode	: 0x20a
cpu MHz		: 1600.000
cache size	: 512 KB
physical id	: 0
siblings	: 2
core id		: 0
cpu cores	: 1
apicid		: 1
initial apicid	: 1
fdiv_bug	: no
f00f_bug	: no
coma_bug	: no
fpu		: yes
fpu_exception	: yes
cpuid level	: 10
wp		: yes
flags		: fpu vme de tsc msr pae mce cx8 apic sep mtrr pge mca cmov pat clflush dts acpi mmx fxsr sse sse2 ss ht tm pbe nx constant_tsc arch_perfmon pebs bts aperfmperf pni dtes64 monitor ds_cpl est tm2 ssse3 xtpr pdcm movbe lahf_lm dtherm
bogomips	: 3191.82
clflush size	: 64
cache_alignment	: 64
address sizes	: 32 bits physical, 32 bits virtual
power management:



Memory: 4k page, physical 1014928k(30808k free), swap 13211644k(12690336k free)

vm_info: OpenJDK Client VM (24.51-b03) for linux-x86 JRE (1.7.0_55-b14), built on Apr 17 2014 20:12:39 by "buildd" with gcc 4.8.2

time: Sat May 24 18:22:13 2014
elapsed time: 0 seconds

