#
# A fatal error has been detected by the Java Runtime Environment:
#
#  SIGSEGV (0xb) at pc=0xb6d6a753, pid=3066, tid=3063335744
#
# JRE version: OpenJDK Runtime Environment (7.0_55-b14) (build 1.7.0_55-b14)
# Java VM: OpenJDK Client VM (24.51-b03 mixed mode, sharing linux-x86 )
# Problematic frame:
# V  [libjvm.so+0x2b1753]  get_method_id(JNIEnv_*, _jclass*, char const*, char const*, bool, Thread*) [clone .isra.75]+0xd3
#
# Failed to write core dump. Core dumps have been disabled. To enable core dumping, try "ulimit -c unlimited" before starting Java again
#
# If you would like to submit a bug report, please include
# instructions on how to reproduce the bug and visit:
#   http://icedtea.classpath.org/bugzilla
#

---------------  T H R E A D  ---------------

Current thread (0xb6807400):  JavaThread "main" [_thread_in_vm, id=3067, stack(0xb691c000,0xb696d000)]

siginfo:si_signo=SIGSEGV: si_errno=0, si_code=1 (SEGV_MAPERR), si_addr=0x0000001b

Registers:
EAX=0x0000001b, EBX=0xb70e5000, ECX=0xb6807400, EDX=0x00000013
ESP=0xb696bea0, EBP=0xb6807cf4, ESI=0xb6877de0, EDI=0xb6805ab0
EIP=0xb6d6a753, EFLAGS=0x00010293, CR2=0x0000001b

Top of Stack: (sp=0xb696bea0)
0xb696bea0:   6f970cc8 00000027 b696bedc b767331c
0xb696beb0:   b76f5e00 b6900000 00000016 0000000a
0xb696bec0:   93f3e1e8 b3aefaac 00000000 b76f5000
0xb696bed0:   b76f5e00 b76f5e00 b76f68bc e925fa09
0xb696bee0:   b76f5e00 0000000a 00000001 b70e5000
0xb696bef0:   b6807400 b6807400 b696bf78 b6d6e8d5
0xb696bf00:   b3aefa84 00000000 b6807400 b696cb40
0xb696bf10:   b6807400 00000000 00000000 b3afb000 

Instructions: (pc=0xb6d6a753)
0xb6d6a733:   fb 0f 87 16 01 00 00 8d 45 04 3b 47 0c 0f 87 3b
0xb6d6a743:   01 00 00 89 47 08 89 55 00 8d 42 08 8b 4c 24 68
0xb6d6a753:   8b 52 08 89 04 24 89 4c 24 04 ff 52 2c 8b 7c 24
0xb6d6a763:   68 31 c0 8b 57 04 85 d2 0f 85 8e 00 00 00 8d 83 

Register to memory mapping:

EAX=0x0000001b is an unknown value
EBX=0xb70e5000: <offset 0x62c000> in /usr/lib/jvm/java-7-openjdk-i386/jre/lib/i386/client/libjvm.so at 0xb6ab9000
ECX=0xb6807400 is a thread
EDX=0x00000013 is an unknown value
ESP=0xb696bea0 is pointing into the stack for thread: 0xb6807400
EBP=0xb6807cf4 is an unknown value
ESI=0xb6877de0 is an unknown value
EDI=0xb6805ab0 is an unknown value


Stack: [0xb691c000,0xb696d000],  sp=0xb696bea0,  free space=319k
Native frames: (J=compiled Java code, j=interpreted, Vv=VM code, C=native code)
V  [libjvm.so+0x2b1753]  get_method_id(JNIEnv_*, _jclass*, char const*, char const*, bool, Thread*) [clone .isra.75]+0xd3

Java frames: (J=compiled Java code, j=interpreted, Vv=VM code)
j  BlogService.loadTimeslotList(LBlogService;)I+0
j  BlogService.getThemesFromSS()[Ljava/lang/String;+12
j  BlogService.main([Ljava/lang/String;)V+93
v  ~StubRoutines::call_stub

---------------  P R O C E S S  ---------------

Java Threads: ( => current thread )
  0xb6888400 JavaThread "Thread-0" [_thread_in_native, id=3075, stack(0xb3a50000,0xb3aa1000)]
  0xb684b400 JavaThread "Service Thread" daemon [_thread_blocked, id=3073, stack(0xb3b7d000,0xb3bce000)]
  0xb6849400 JavaThread "C1 CompilerThread0" daemon [_thread_blocked, id=3072, stack(0xb402e000,0xb40af000)]
  0xb6847800 JavaThread "Signal Dispatcher" daemon [_thread_blocked, id=3071, stack(0xb40af000,0xb4100000)]
  0xb6833000 JavaThread "Finalizer" daemon [_thread_blocked, id=3070, stack(0xb4204000,0xb4255000)]
  0xb6831800 JavaThread "Reference Handler" daemon [_thread_blocked, id=3069, stack(0xb4255000,0xb42a6000)]
=>0xb6807400 JavaThread "main" [_thread_in_vm, id=3067, stack(0xb691c000,0xb696d000)]

Other Threads:
  0xb6830000 VMThread [stack: 0xb42a6000,0xb4327000] [id=3068]
  0xb6855800 WatcherThread [stack: 0xb3afc000,0xb3b7d000] [id=3074]

VM state:not at safepoint (normal execution)

VM Mutex/Monitor currently owned by a thread: None

Heap
 def new generation   total 4736K, used 354K [0x6f930000, 0x6fe50000, 0x79e80000)
  eden space 4224K,   8% used [0x6f930000, 0x6f988928, 0x6fd50000)
  from space 512K,   0% used [0x6fd50000, 0x6fd50000, 0x6fdd0000)
  to   space 512K,   0% used [0x6fdd0000, 0x6fdd0000, 0x6fe50000)
 tenured generation   total 10624K, used 0K [0x79e80000, 0x7a8e0000, 0x8e930000)
   the space 10624K,   0% used [0x79e80000, 0x79e80000, 0x79e80200, 0x7a8e0000)
 compacting perm gen  total 12288K, used 142K [0x8e930000, 0x8f530000, 0x92930000)
   the space 12288K,   1% used [0x8e930000, 0x8e953850, 0x8e953a00, 0x8f530000)
    ro space 10240K,  58% used [0x92930000, 0x92f0cc30, 0x92f0ce00, 0x93330000)
    rw space 12288K,  59% used [0x93330000, 0x93a4d098, 0x93a4d200, 0x93f30000)

Card table byte_map: [0xb45ed000,0xb4711000] byte_map_base: 0xb4270680

Polling page: 0xb76fd000

Code Cache  [0xb4791000, 0xb4829000, 0xb6791000)
 total_blobs=139 nmethods=9 adapters=68 free_code_cache=32164Kb largest_free_block=32936768

Compilation events (10 events):
Event: 0,144 Thread 0xb6849400    5             sun.nio.cs.UTF_8$Encoder::encode (361 bytes)
Event: 0,148 Thread 0xb6849400 nmethod 5 0xb4822a08 code [0xb4822b60, 0xb4822fe8]
Event: 0,152 Thread 0xb6849400    6             java.io.UnixFileSystem::normalize (75 bytes)
Event: 0,154 Thread 0xb6849400 nmethod 6 0xb48235c8 code [0xb4823700, 0xb48238d4]
Event: 0,154 Thread 0xb6849400    7             java.lang.String::lastIndexOf (52 bytes)
Event: 0,155 Thread 0xb6849400 nmethod 7 0xb4823b48 code [0xb4823c50, 0xb4823d5c]
Event: 0,167 Thread 0xb6849400    8             sun.nio.cs.UTF_8$Decoder::decode (640 bytes)
Event: 0,184 Thread 0xb6849400 nmethod 8 0xb4823e48 code [0xb4824220, 0xb482561c]
Event: 0,184 Thread 0xb6849400    9             java.lang.Object::<init> (1 bytes)
Event: 0,184 Thread 0xb6849400 nmethod 9 0xb4827ac8 code [0xb4827bc0, 0xb4827c50]

GC Heap History (0 events):
No events

Deoptimization events (0 events):
No events

Internal exceptions (6 events):
Event: 0,061 Thread 0xb6807400 Threw 0x6f935898 at /build/buildd/openjdk-7-7u55-2.4.7/build/openjdk/hotspot/src/share/vm/prims/jni.cpp:3991
Event: 0,157 Thread 0xb6807400 Threw 0x6f963468 at /build/buildd/openjdk-7-7u55-2.4.7/build/openjdk/hotspot/src/share/vm/prims/jni.cpp:717
Event: 0,157 Thread 0xb6807400 Threw 0x6f963580 at /build/buildd/openjdk-7-7u55-2.4.7/build/openjdk/hotspot/src/share/vm/prims/jvm.cpp:1244
Event: 0,157 Thread 0xb6807400 Threw 0x6f963698 at /build/buildd/openjdk-7-7u55-2.4.7/build/openjdk/hotspot/src/share/vm/prims/jvm.cpp:1244
Event: 0,157 Thread 0xb6807400 Threw 0x6f9638c8 at /build/buildd/openjdk-7-7u55-2.4.7/build/openjdk/hotspot/src/share/vm/prims/jvm.cpp:1244
Event: 0,170 Thread 0xb6807400 Threw 0x6f96b470 at /build/buildd/openjdk-7-7u55-2.4.7/build/openjdk/hotspot/src/share/vm/prims/jvm.cpp:1244

Events (10 events):
Event: 0,148 loading class 0x940531b8 done
Event: 0,149 loading class 0x94052198
Event: 0,149 loading class 0x94052198 done
Event: 0,157 loading class 0x940531f8
Event: 0,157 loading class 0x940531f8 done
Event: 0,159 loading class 0x93f6b3e0
Event: 0,160 loading class 0x93f6b3e0 done
Event: 0,169 loading class 0xb68780a8
Event: 0,169 loading class 0xb68780a8 done
Event: 0,173 Thread 0xb6888400 Thread added: 0xb6888400


Dynamic libraries:
08048000-08049000 r-xp 00000000 08:05 3681499    /usr/lib/jvm/java-7-openjdk-i386/jre/bin/java
08049000-0804a000 r--p 00000000 08:05 3681499    /usr/lib/jvm/java-7-openjdk-i386/jre/bin/java
0804a000-0804b000 rw-p 00001000 08:05 3681499    /usr/lib/jvm/java-7-openjdk-i386/jre/bin/java
092f3000-09314000 rw-p 00000000 00:00 0          [heap]
6f930000-6fe50000 rw-p 00000000 00:00 0 
6fe50000-79e80000 rw-p 00000000 00:00 0 
79e80000-7a8e0000 rw-p 00000000 00:00 0 
7a8e0000-8e930000 rw-p 00000000 00:00 0 
8e930000-8f530000 rw-p 00000000 00:00 0 
8f530000-92930000 rw-p 00000000 00:00 0 
92930000-92f0d000 r--p 00001000 08:05 3682205    /usr/lib/jvm/java-7-openjdk-i386/jre/lib/i386/client/classes.jsa
92f0d000-93330000 rw-p 00000000 00:00 0 
93330000-93a4e000 rw-p 005de000 08:05 3682205    /usr/lib/jvm/java-7-openjdk-i386/jre/lib/i386/client/classes.jsa
93a4e000-93f30000 rw-p 00000000 00:00 0 
93f30000-9423e000 rw-p 00cfc000 08:05 3682205    /usr/lib/jvm/java-7-openjdk-i386/jre/lib/i386/client/classes.jsa
9423e000-94330000 rw-p 00000000 00:00 0 
94330000-94339000 r-xp 0100a000 08:05 3682205    /usr/lib/jvm/java-7-openjdk-i386/jre/lib/i386/client/classes.jsa
94339000-94730000 rw-p 00000000 00:00 0 
b3912000-b3a50000 rw-p 00000000 00:00 0 
b3a50000-b3a53000 ---p 00000000 00:00 0 
b3a53000-b3aa1000 rw-p 00000000 00:00 0          [stack:3075]
b3aa1000-b3af9000 r-xp 00000000 08:05 1576439    /home/orifanne/git/sr_client1/BlogService/libsslog.so
b3af9000-b3afb000 r--p 00058000 08:05 1576439    /home/orifanne/git/sr_client1/BlogService/libsslog.so
b3afb000-b3afc000 rw-p 0005a000 08:05 1576439    /home/orifanne/git/sr_client1/BlogService/libsslog.so
b3afc000-b3afd000 ---p 00000000 00:00 0 
b3afd000-b3b7d000 rw-p 00000000 00:00 0          [stack:3074]
b3b7d000-b3b80000 ---p 00000000 00:00 0 
b3b80000-b3bce000 rw-p 00000000 00:00 0          [stack:3073]
b3bce000-b3d00000 r--p 00858000 08:05 3678480    /usr/lib/locale/locale-archive
b3d00000-b3f00000 r--p 00000000 08:05 3678480    /usr/lib/locale/locale-archive
b3f00000-b3f21000 rw-p 00000000 00:00 0 
b3f21000-b4000000 ---p 00000000 00:00 0 
b4025000-b4027000 r--s 00012000 08:05 3681426    /usr/lib/jvm/java-7-openjdk-i386/jre/lib/ext/zipfs.jar
b4027000-b402a000 r--s 0000f000 08:05 3681423    /usr/lib/jvm/java-7-openjdk-i386/jre/lib/ext/pulse-java.jar
b402a000-b402e000 r--s 00085000 08:05 3681425    /usr/lib/jvm/java-7-openjdk-i386/jre/lib/ext/localedata.jar
b402e000-b4031000 ---p 00000000 00:00 0 
b4031000-b40af000 rw-p 00000000 00:00 0          [stack:3072]
b40af000-b40b2000 ---p 00000000 00:00 0 
b40b2000-b4100000 rw-p 00000000 00:00 0          [stack:3071]
b4100000-b4165000 rw-p 00000000 00:00 0 
b4165000-b4200000 ---p 00000000 00:00 0 
b4200000-b4201000 rw-p 00000000 00:00 0 
b4201000-b4204000 r--s 00032000 08:05 3681422    /usr/lib/jvm/java-7-openjdk-i386/jre/lib/ext/sunjce_provider.jar
b4204000-b4207000 ---p 00000000 00:00 0 
b4207000-b4255000 rw-p 00000000 00:00 0          [stack:3070]
b4255000-b4258000 ---p 00000000 00:00 0 
b4258000-b42a6000 rw-p 00000000 00:00 0          [stack:3069]
b42a6000-b42a7000 ---p 00000000 00:00 0 
b42a7000-b4370000 rw-p 00000000 00:00 0          [stack:3068]
b4370000-b451f000 r--s 01cfb000 08:05 3681428    /usr/lib/jvm/java-7-openjdk-i386/jre/lib/rt.jar
b451f000-b452d000 rw-p 00000000 00:00 0 
b452d000-b4547000 rw-p 00000000 00:00 0 
b4547000-b454d000 rw-p 00000000 00:00 0 
b454d000-b45ed000 rw-p 00000000 00:00 0 
b45ed000-b45f0000 rw-p 00000000 00:00 0 
b45f0000-b463f000 rw-p 00000000 00:00 0 
b463f000-b4645000 rw-p 00000000 00:00 0 
b4645000-b46e5000 rw-p 00000000 00:00 0 
b46e5000-b46eb000 rw-p 00000000 00:00 0 
b46eb000-b4705000 rw-p 00000000 00:00 0 
b4705000-b4714000 rw-p 00000000 00:00 0 
b4714000-b4791000 rw-p 00000000 00:00 0 
b4791000-b4829000 rwxp 00000000 00:00 0 
b4829000-b6791000 rw-p 00000000 00:00 0 
b6791000-b679c000 r-xp 00000000 08:05 4064295    /lib/i386-linux-gnu/libnss_files-2.19.so
b679c000-b679d000 r--p 0000a000 08:05 4064295    /lib/i386-linux-gnu/libnss_files-2.19.so
b679d000-b679e000 rw-p 0000b000 08:05 4064295    /lib/i386-linux-gnu/libnss_files-2.19.so
b679e000-b67a8000 r-xp 00000000 08:05 4064305    /lib/i386-linux-gnu/libnss_nis-2.19.so
b67a8000-b67a9000 r--p 00009000 08:05 4064305    /lib/i386-linux-gnu/libnss_nis-2.19.so
b67a9000-b67aa000 rw-p 0000a000 08:05 4064305    /lib/i386-linux-gnu/libnss_nis-2.19.so
b67aa000-b67bf000 r-xp 00000000 08:05 4064289    /lib/i386-linux-gnu/libnsl-2.19.so
b67bf000-b67c0000 r--p 00015000 08:05 4064289    /lib/i386-linux-gnu/libnsl-2.19.so
b67c0000-b67c1000 rw-p 00016000 08:05 4064289    /lib/i386-linux-gnu/libnsl-2.19.so
b67c1000-b67c3000 rw-p 00000000 00:00 0 
b67c3000-b67c7000 r--s 0003b000 08:05 3681424    /usr/lib/jvm/java-7-openjdk-i386/jre/lib/ext/sunpkcs11.jar
b67c7000-b67cd000 rw-p 00000000 00:00 0 
b67cd000-b67d5000 r-xp 00000000 08:05 3681474    /usr/lib/jvm/java-7-openjdk-i386/jre/lib/i386/libzip.so
b67d5000-b67d6000 r--p 00007000 08:05 3681474    /usr/lib/jvm/java-7-openjdk-i386/jre/lib/i386/libzip.so
b67d6000-b67d7000 rw-p 00008000 08:05 3681474    /usr/lib/jvm/java-7-openjdk-i386/jre/lib/i386/libzip.so
b67d7000-b67fe000 r-xp 00000000 08:05 3681454    /usr/lib/jvm/java-7-openjdk-i386/jre/lib/i386/libjava.so
b67fe000-b67ff000 r--p 00026000 08:05 3681454    /usr/lib/jvm/java-7-openjdk-i386/jre/lib/i386/libjava.so
b67ff000-b6800000 rw-p 00027000 08:05 3681454    /usr/lib/jvm/java-7-openjdk-i386/jre/lib/i386/libjava.so
b6800000-b68a5000 rw-p 00000000 00:00 0 
b68a5000-b6900000 ---p 00000000 00:00 0 
b6900000-b6901000 rw-p 00000000 00:00 0 
b6901000-b6902000 r--s 00002000 08:05 3681421    /usr/lib/jvm/java-7-openjdk-i386/jre/lib/ext/dnsns.jar
b6902000-b690a000 rw-s 00000000 08:05 1836018    /tmp/hsperfdata_orifanne/3066
b690a000-b6911000 r-xp 00000000 08:05 4064291    /lib/i386-linux-gnu/libnss_compat-2.19.so
b6911000-b6912000 r--p 00006000 08:05 4064291    /lib/i386-linux-gnu/libnss_compat-2.19.so
b6912000-b6913000 rw-p 00007000 08:05 4064291    /lib/i386-linux-gnu/libnss_compat-2.19.so
b6913000-b691a000 r-xp 00000000 08:05 4064348    /lib/i386-linux-gnu/librt-2.19.so
b691a000-b691b000 r--p 00006000 08:05 4064348    /lib/i386-linux-gnu/librt-2.19.so
b691b000-b691c000 rw-p 00007000 08:05 4064348    /lib/i386-linux-gnu/librt-2.19.so
b691c000-b691f000 ---p 00000000 00:00 0 
b691f000-b696d000 rw-p 00000000 00:00 0          [stack:3067]
b696d000-b6989000 r-xp 00000000 08:05 4064247    /lib/i386-linux-gnu/libgcc_s.so.1
b6989000-b698a000 rw-p 0001b000 08:05 4064247    /lib/i386-linux-gnu/libgcc_s.so.1
b698a000-b69ce000 r-xp 00000000 08:05 4064270    /lib/i386-linux-gnu/libm-2.19.so
b69ce000-b69cf000 r--p 00043000 08:05 4064270    /lib/i386-linux-gnu/libm-2.19.so
b69cf000-b69d0000 rw-p 00044000 08:05 4064270    /lib/i386-linux-gnu/libm-2.19.so
b69d0000-b6aac000 r-xp 00000000 08:05 3676233    /usr/lib/i386-linux-gnu/libstdc++.so.6.0.19
b6aac000-b6aad000 ---p 000dc000 08:05 3676233    /usr/lib/i386-linux-gnu/libstdc++.so.6.0.19
b6aad000-b6ab1000 r--p 000dc000 08:05 3676233    /usr/lib/i386-linux-gnu/libstdc++.so.6.0.19
b6ab1000-b6ab2000 rw-p 000e0000 08:05 3676233    /usr/lib/i386-linux-gnu/libstdc++.so.6.0.19
b6ab2000-b6ab9000 rw-p 00000000 00:00 0 
b6ab9000-b70cf000 r-xp 00000000 08:05 3681472    /usr/lib/jvm/java-7-openjdk-i386/jre/lib/i386/client/libjvm.so
b70cf000-b70e5000 r--p 00615000 08:05 3681472    /usr/lib/jvm/java-7-openjdk-i386/jre/lib/i386/client/libjvm.so
b70e5000-b70f4000 rw-p 0062b000 08:05 3681472    /usr/lib/jvm/java-7-openjdk-i386/jre/lib/i386/client/libjvm.so
b70f4000-b750f000 rw-p 00000000 00:00 0 
b750f000-b7527000 r-xp 00000000 08:05 4064383    /lib/i386-linux-gnu/libz.so.1.2.8
b7527000-b7528000 r--p 00017000 08:05 4064383    /lib/i386-linux-gnu/libz.so.1.2.8
b7528000-b7529000 rw-p 00018000 08:05 4064383    /lib/i386-linux-gnu/libz.so.1.2.8
b7529000-b7541000 r-xp 00000000 08:05 4064340    /lib/i386-linux-gnu/libpthread-2.19.so
b7541000-b7542000 r--p 00017000 08:05 4064340    /lib/i386-linux-gnu/libpthread-2.19.so
b7542000-b7543000 rw-p 00018000 08:05 4064340    /lib/i386-linux-gnu/libpthread-2.19.so
b7543000-b7545000 rw-p 00000000 00:00 0 
b7545000-b7548000 r-xp 00000000 08:05 4064237    /lib/i386-linux-gnu/libdl-2.19.so
b7548000-b7549000 r--p 00002000 08:05 4064237    /lib/i386-linux-gnu/libdl-2.19.so
b7549000-b754a000 rw-p 00003000 08:05 4064237    /lib/i386-linux-gnu/libdl-2.19.so
b754a000-b76f3000 r-xp 00000000 08:05 4064220    /lib/i386-linux-gnu/libc-2.19.so
b76f3000-b76f5000 r--p 001a9000 08:05 4064220    /lib/i386-linux-gnu/libc-2.19.so
b76f5000-b76f6000 rw-p 001ab000 08:05 4064220    /lib/i386-linux-gnu/libc-2.19.so
b76f6000-b76fa000 rw-p 00000000 00:00 0 
b76fa000-b76fc000 r--s 00006000 08:05 4336135    /usr/share/java/java-atk-wrapper.jar
b76fc000-b76fd000 rw-p 00000000 00:00 0 
b76fd000-b76fe000 r--p 00000000 00:00 0 
b76fe000-b770c000 r-xp 00000000 08:05 3681465    /usr/lib/jvm/java-7-openjdk-i386/jre/lib/i386/libverify.so
b770c000-b770d000 r--p 0000d000 08:05 3681465    /usr/lib/jvm/java-7-openjdk-i386/jre/lib/i386/libverify.so
b770d000-b770e000 rw-p 0000e000 08:05 3681465    /usr/lib/jvm/java-7-openjdk-i386/jre/lib/i386/libverify.so
b770e000-b771a000 r-xp 00000000 08:05 3681456    /usr/lib/jvm/java-7-openjdk-i386/jre/lib/i386/jli/libjli.so
b771a000-b771b000 r--p 0000c000 08:05 3681456    /usr/lib/jvm/java-7-openjdk-i386/jre/lib/i386/jli/libjli.so
b771b000-b771c000 rw-p 0000d000 08:05 3681456    /usr/lib/jvm/java-7-openjdk-i386/jre/lib/i386/jli/libjli.so
b771c000-b771e000 rw-p 00000000 00:00 0 
b771e000-b771f000 r-xp 00000000 00:00 0          [vdso]
b771f000-b773f000 r-xp 00000000 08:05 4064196    /lib/i386-linux-gnu/ld-2.19.so
b773f000-b7740000 r--p 0001f000 08:05 4064196    /lib/i386-linux-gnu/ld-2.19.so
b7740000-b7741000 rw-p 00020000 08:05 4064196    /lib/i386-linux-gnu/ld-2.19.so
bfd81000-bfda2000 rw-p 00000000 00:00 0          [stack]

VM Arguments:
java_command: BlogService
Launcher Type: SUN_STANDARD

Environment Variables:
PATH=/usr/local/sbin:/usr/local/bin:/usr/sbin:/usr/bin:/sbin:/bin:/usr/games:/usr/local/games
SHELL=/bin/bash
DISPLAY=:0

Signal Handlers:
SIGSEGV: [libjvm.so+0x4d6860], sa_mask[0]=0x7ffbfeff, sa_flags=0x10000004
SIGBUS: [libjvm.so+0x4d6860], sa_mask[0]=0x7ffbfeff, sa_flags=0x10000004
SIGFPE: [libjvm.so+0x3babf0], sa_mask[0]=0x7ffbfeff, sa_flags=0x10000004
SIGPIPE: [libjvm.so+0x3babf0], sa_mask[0]=0x7ffbfeff, sa_flags=0x10000004
SIGXFSZ: [libjvm.so+0x3babf0], sa_mask[0]=0x7ffbfeff, sa_flags=0x10000004
SIGILL: [libjvm.so+0x3babf0], sa_mask[0]=0x7ffbfeff, sa_flags=0x10000004
SIGUSR1: SIG_DFL, sa_mask[0]=0x00000000, sa_flags=0x00000000
SIGUSR2: [libjvm.so+0x3baa80], sa_mask[0]=0x00000000, sa_flags=0x10000004
SIGHUP: [libjvm.so+0x3bacb0], sa_mask[0]=0x7ffbfeff, sa_flags=0x10000004
SIGINT: [libjvm.so+0x3bacb0], sa_mask[0]=0x7ffbfeff, sa_flags=0x10000004
SIGTERM: [libjvm.so+0x3bacb0], sa_mask[0]=0x7ffbfeff, sa_flags=0x10000004
SIGQUIT: [libjvm.so+0x3bacb0], sa_mask[0]=0x7ffbfeff, sa_flags=0x10000004


---------------  S Y S T E M  ---------------

OS:Ubuntu 14.04 (trusty)
uname:Linux 3.13.0-24-generic #46-Ubuntu SMP Thu Apr 10 19:08:14 UTC 2014 i686
libc:glibc 2.19 NPTL 2.19 
rlimit: STACK 8192k, CORE 0k, NPROC 7780, NOFILE 4096, AS infinity
load average:0,45 0,50 0,55

/proc/meminfo:
MemTotal:        1014928 kB
MemFree:           31640 kB
Buffers:            9316 kB
Cached:           232040 kB
SwapCached:        70884 kB
Active:           456728 kB
Inactive:         450232 kB
Active(anon):     369036 kB
Inactive(anon):   387396 kB
Active(file):      87692 kB
Inactive(file):    62836 kB
Unevictable:          16 kB
Mlocked:              16 kB
HighTotal:        125704 kB
HighFree:           5356 kB
LowTotal:         889224 kB
LowFree:           26284 kB
SwapTotal:      13211644 kB
SwapFree:       12690872 kB
Dirty:               760 kB
Writeback:             0 kB
AnonPages:        616132 kB
Mapped:            70224 kB
Shmem:             90800 kB
Slab:              37156 kB
SReclaimable:      18872 kB
SUnreclaim:        18284 kB
KernelStack:        3720 kB
PageTables:        11428 kB
NFS_Unstable:          0 kB
Bounce:                0 kB
WritebackTmp:          0 kB
CommitLimit:    13719108 kB
Committed_AS:    4713532 kB
VmallocTotal:     122880 kB
VmallocUsed:       13616 kB
VmallocChunk:      75892 kB
HardwareCorrupted:     0 kB
AnonHugePages:         0 kB
HugePages_Total:       0
HugePages_Free:        0
HugePages_Rsvd:        0
HugePages_Surp:        0
Hugepagesize:       2048 kB
DirectMap4k:      913400 kB
DirectMap2M:           0 kB


CPU:total 2 (1 cores per cpu, 2 threads per core) family 6 model 28 stepping 2, cmov, cx8, fxsr, mmx, sse, sse2, sse3, ssse3, ht, tsc

/proc/cpuinfo:
processor	: 0
vendor_id	: GenuineIntel
cpu family	: 6
model		: 28
model name	: Intel(R) Atom(TM) CPU N270   @ 1.60GHz
stepping	: 2
microcode	: 0x20a
cpu MHz		: 1600.000
cache size	: 512 KB
physical id	: 0
siblings	: 2
core id		: 0
cpu cores	: 1
apicid		: 0
initial apicid	: 0
fdiv_bug	: no
f00f_bug	: no
coma_bug	: no
fpu		: yes
fpu_exception	: yes
cpuid level	: 10
wp		: yes
flags		: fpu vme de tsc msr pae mce cx8 apic sep mtrr pge mca cmov pat clflush dts acpi mmx fxsr sse sse2 ss ht tm pbe nx constant_tsc arch_perfmon pebs bts aperfmperf pni dtes64 monitor ds_cpl est tm2 ssse3 xtpr pdcm movbe lahf_lm dtherm
bogomips	: 3191.82
clflush size	: 64
cache_alignment	: 64
address sizes	: 32 bits physical, 32 bits virtual
power management:

processor	: 1
vendor_id	: GenuineIntel
cpu family	: 6
model		: 28
model name	: Intel(R) Atom(TM) CPU N270   @ 1.60GHz
stepping	: 2
microcode	: 0x20a
cpu MHz		: 1600.000
cache size	: 512 KB
physical id	: 0
siblings	: 2
core id		: 0
cpu cores	: 1
apicid		: 1
initial apicid	: 1
fdiv_bug	: no
f00f_bug	: no
coma_bug	: no
fpu		: yes
fpu_exception	: yes
cpuid level	: 10
wp		: yes
flags		: fpu vme de tsc msr pae mce cx8 apic sep mtrr pge mca cmov pat clflush dts acpi mmx fxsr sse sse2 ss ht tm pbe nx constant_tsc arch_perfmon pebs bts aperfmperf pni dtes64 monitor ds_cpl est tm2 ssse3 xtpr pdcm movbe lahf_lm dtherm
bogomips	: 3191.82
clflush size	: 64
cache_alignment	: 64
address sizes	: 32 bits physical, 32 bits virtual
power management:



Memory: 4k page, physical 1014928k(31640k free), swap 13211644k(12690872k free)

vm_info: OpenJDK Client VM (24.51-b03) for linux-x86 JRE (1.7.0_55-b14), built on Apr 17 2014 20:12:39 by "buildd" with gcc 4.8.2

time: Sat May 24 18:20:32 2014
elapsed time: 0 seconds

