#
# A fatal error has been detected by the Java Runtime Environment:
#
#  SIGSEGV (0xb) at pc=0xb6d7c6fc, pid=2823, tid=3063409472
#
# JRE version: OpenJDK Runtime Environment (7.0_55-b14) (build 1.7.0_55-b14)
# Java VM: OpenJDK Client VM (24.51-b03 mixed mode, sharing linux-x86 )
# Problematic frame:
# V  [libjvm.so+0x2b16fc]  get_method_id(JNIEnv_*, _jclass*, char const*, char const*, bool, Thread*) [clone .isra.75]+0x7c
#
# Failed to write core dump. Core dumps have been disabled. To enable core dumping, try "ulimit -c unlimited" before starting Java again
#
# If you would like to submit a bug report, please include
# instructions on how to reproduce the bug and visit:
#   http://icedtea.classpath.org/bugzilla
#

---------------  T H R E A D  ---------------

Current thread (0xb6807400):  JavaThread "main" [_thread_in_vm, id=2824, stack(0xb692e000,0xb697f000)]

siginfo:si_signo=SIGSEGV: si_errno=0, si_code=1 (SEGV_MAPERR), si_addr=0x00000000

Registers:
EAX=0x93f3e1e8, EBX=0xb70f7000, ECX=0x93f3e1e8, EDX=0x93f3e1e8
ESP=0xb697dea0, EBP=0x00000000, ESI=0xb6877df0, EDI=0xb697dedc
EIP=0xb6d7c6fc, EFLAGS=0x00010286, CR2=0x00000000

Top of Stack: (sp=0xb697dea0)
0xb697dea0:   b3aef944 00000027 b697dedc b768531c
0xb697deb0:   b7707e00 b6911000 00000016 0000000a
0xb697dec0:   93f3e1e8 b3aef96c 00000000 b7707000
0xb697ded0:   b7707e00 b7707e00 b77088bc e925fa09
0xb697dee0:   b7707e00 0000000a 00000001 b70f7000
0xb697def0:   b6807400 b6807400 b697df78 b6d808d5
0xb697df00:   b3aef944 00000000 b6807400 b697eb40
0xb697df10:   b6807400 00000000 00000000 b3afb000 

Instructions: (pc=0xb6d7c6fc)
0xb6d7c6dc:   8b 44 24 60 89 04 24 e8 68 9d 1a 00 85 f6 89 44
0xb6d7c6ec:   24 20 0f 84 a4 02 00 00 85 c0 0f 84 24 03 00 00
0xb6d7c6fc:   8b 45 00 89 04 24 e8 c9 67 ff ff 84 c0 0f 85 51
0xb6d7c70c:   03 00 00 8b 45 00 89 04 24 e8 06 65 ff ff 85 c0 

Register to memory mapping:

EAX=0x93f3e1e8 is an unknown value
EBX=0xb70f7000: <offset 0x62c000> in /usr/lib/jvm/java-7-openjdk-i386/jre/lib/i386/client/libjvm.so at 0xb6acb000
ECX=0x93f3e1e8 is an unknown value
EDX=0x93f3e1e8 is an unknown value
ESP=0xb697dea0 is pointing into the stack for thread: 0xb6807400
EBP=0x00000000 is an unknown value
ESI=0xb6877df0 is an unknown value
EDI=0xb697dedc is pointing into the stack for thread: 0xb6807400


Stack: [0xb692e000,0xb697f000],  sp=0xb697dea0,  free space=319k
Native frames: (J=compiled Java code, j=interpreted, Vv=VM code, C=native code)
V  [libjvm.so+0x2b16fc]  get_method_id(JNIEnv_*, _jclass*, char const*, char const*, bool, Thread*) [clone .isra.75]+0x7c

[error occurred during error reporting (printing native stack), id 0xb]

Java frames: (J=compiled Java code, j=interpreted, Vv=VM code)
j  BlogService.loadTimeslotList(LBlogService;)I+0
j  BlogService.getThemesFromSS()[Ljava/lang/String;+12
j  BlogService.main([Ljava/lang/String;)V+93
v  ~StubRoutines::call_stub

---------------  P R O C E S S  ---------------

Java Threads: ( => current thread )
  0xb6888400 JavaThread "Thread-0" [_thread_in_native, id=2832, stack(0xb3a50000,0xb3aa1000)]
  0xb684b400 JavaThread "Service Thread" daemon [_thread_blocked, id=2830, stack(0xb3b7d000,0xb3bce000)]
  0xb6849400 JavaThread "C1 CompilerThread0" daemon [_thread_blocked, id=2829, stack(0xb402e000,0xb40af000)]
  0xb6847800 JavaThread "Signal Dispatcher" daemon [_thread_blocked, id=2828, stack(0xb40af000,0xb4100000)]
  0xb6833000 JavaThread "Finalizer" daemon [_thread_blocked, id=2827, stack(0xb4218000,0xb4269000)]
  0xb6831800 JavaThread "Reference Handler" daemon [_thread_blocked, id=2826, stack(0xb4269000,0xb42ba000)]
=>0xb6807400 JavaThread "main" [_thread_in_vm, id=2824, stack(0xb692e000,0xb697f000)]

Other Threads:
  0xb6830000 VMThread [stack: 0xb42ba000,0xb433b000] [id=2825]
  0xb684d800 WatcherThread [stack: 0xb3afc000,0xb3b7d000] [id=2831]

VM state:not at safepoint (normal execution)

VM Mutex/Monitor currently owned by a thread: None

Heap
 def new generation   total 4736K, used 354K [0x6f930000, 0x6fe50000, 0x79e80000)
  eden space 4224K,   8% used [0x6f930000, 0x6f988928, 0x6fd50000)
  from space 512K,   0% used [0x6fd50000, 0x6fd50000, 0x6fdd0000)
  to   space 512K,   0% used [0x6fdd0000, 0x6fdd0000, 0x6fe50000)
 tenured generation   total 10624K, used 0K [0x79e80000, 0x7a8e0000, 0x8e930000)
   the space 10624K,   0% used [0x79e80000, 0x79e80000, 0x79e80200, 0x7a8e0000)
 compacting perm gen  total 12288K, used 142K [0x8e930000, 0x8f530000, 0x92930000)
   the space 12288K,   1% used [0x8e930000, 0x8e953850, 0x8e953a00, 0x8f530000)
    ro space 10240K,  58% used [0x92930000, 0x92f0cc30, 0x92f0ce00, 0x93330000)
    rw space 12288K,  59% used [0x93330000, 0x93a4d098, 0x93a4d200, 0x93f30000)

Card table byte_map: [0xb4601000,0xb4725000] byte_map_base: 0xb4284680

Polling page: 0xb770f000

Code Cache  [0xb47a5000, 0xb483d000, 0xb67a5000)
 total_blobs=139 nmethods=9 adapters=68 free_code_cache=32164Kb largest_free_block=32936768

Compilation events (10 events):
Event: 0,147 Thread 0xb6849400    5             sun.nio.cs.UTF_8$Encoder::encode (361 bytes)
Event: 0,151 Thread 0xb6849400 nmethod 5 0xb4836a08 code [0xb4836b60, 0xb4836fe8]
Event: 0,156 Thread 0xb6849400    6             java.io.UnixFileSystem::normalize (75 bytes)
Event: 0,158 Thread 0xb6849400 nmethod 6 0xb48375c8 code [0xb4837700, 0xb48378d4]
Event: 0,158 Thread 0xb6849400    7             java.lang.String::lastIndexOf (52 bytes)
Event: 0,159 Thread 0xb6849400 nmethod 7 0xb4837b48 code [0xb4837c50, 0xb4837d5c]
Event: 0,172 Thread 0xb6849400    8             sun.nio.cs.UTF_8$Decoder::decode (640 bytes)
Event: 0,188 Thread 0xb6849400 nmethod 8 0xb4837e48 code [0xb4838220, 0xb483961c]
Event: 0,188 Thread 0xb6849400    9             java.lang.Object::<init> (1 bytes)
Event: 0,188 Thread 0xb6849400 nmethod 9 0xb483bac8 code [0xb483bbc0, 0xb483bc50]

GC Heap History (0 events):
No events

Deoptimization events (0 events):
No events

Internal exceptions (6 events):
Event: 0,064 Thread 0xb6807400 Threw 0x6f935898 at /build/buildd/openjdk-7-7u55-2.4.7/build/openjdk/hotspot/src/share/vm/prims/jni.cpp:3991
Event: 0,161 Thread 0xb6807400 Threw 0x6f963468 at /build/buildd/openjdk-7-7u55-2.4.7/build/openjdk/hotspot/src/share/vm/prims/jni.cpp:717
Event: 0,161 Thread 0xb6807400 Threw 0x6f963580 at /build/buildd/openjdk-7-7u55-2.4.7/build/openjdk/hotspot/src/share/vm/prims/jvm.cpp:1244
Event: 0,161 Thread 0xb6807400 Threw 0x6f963698 at /build/buildd/openjdk-7-7u55-2.4.7/build/openjdk/hotspot/src/share/vm/prims/jvm.cpp:1244
Event: 0,161 Thread 0xb6807400 Threw 0x6f9638c8 at /build/buildd/openjdk-7-7u55-2.4.7/build/openjdk/hotspot/src/share/vm/prims/jvm.cpp:1244
Event: 0,174 Thread 0xb6807400 Threw 0x6f96b470 at /build/buildd/openjdk-7-7u55-2.4.7/build/openjdk/hotspot/src/share/vm/prims/jvm.cpp:1244

Events (10 events):
Event: 0,152 loading class 0x940531b8 done
Event: 0,153 loading class 0x94052198
Event: 0,153 loading class 0x94052198 done
Event: 0,160 loading class 0x940531f8
Event: 0,161 loading class 0x940531f8 done
Event: 0,163 loading class 0x93f6b3e0
Event: 0,164 loading class 0x93f6b3e0 done
Event: 0,173 loading class 0xb68780b8
Event: 0,173 loading class 0xb68780b8 done
Event: 0,177 Thread 0xb6888400 Thread added: 0xb6888400


Dynamic libraries:
08048000-08049000 r-xp 00000000 08:05 3681499    /usr/lib/jvm/java-7-openjdk-i386/jre/bin/java
08049000-0804a000 r--p 00000000 08:05 3681499    /usr/lib/jvm/java-7-openjdk-i386/jre/bin/java
0804a000-0804b000 rw-p 00001000 08:05 3681499    /usr/lib/jvm/java-7-openjdk-i386/jre/bin/java
0924c000-0926d000 rw-p 00000000 00:00 0          [heap]
6f930000-6fe50000 rw-p 00000000 00:00 0 
6fe50000-79e80000 rw-p 00000000 00:00 0 
79e80000-7a8e0000 rw-p 00000000 00:00 0 
7a8e0000-8e930000 rw-p 00000000 00:00 0 
8e930000-8f530000 rw-p 00000000 00:00 0 
8f530000-92930000 rw-p 00000000 00:00 0 
92930000-92f0d000 r--p 00001000 08:05 3682205    /usr/lib/jvm/java-7-openjdk-i386/jre/lib/i386/client/classes.jsa
92f0d000-93330000 rw-p 00000000 00:00 0 
93330000-93a4e000 rw-p 005de000 08:05 3682205    /usr/lib/jvm/java-7-openjdk-i386/jre/lib/i386/client/classes.jsa
93a4e000-93f30000 rw-p 00000000 00:00 0 
93f30000-9423e000 rw-p 00cfc000 08:05 3682205    /usr/lib/jvm/java-7-openjdk-i386/jre/lib/i386/client/classes.jsa
9423e000-94330000 rw-p 00000000 00:00 0 
94330000-94339000 r-xp 0100a000 08:05 3682205    /usr/lib/jvm/java-7-openjdk-i386/jre/lib/i386/client/classes.jsa
94339000-94730000 rw-p 00000000 00:00 0 
b3912000-b3a50000 rw-p 00000000 00:00 0 
b3a50000-b3a53000 ---p 00000000 00:00 0 
b3a53000-b3aa1000 rw-p 00000000 00:00 0          [stack:2832]
b3aa1000-b3af9000 r-xp 00000000 08:05 1576439    /home/orifanne/git/sr_client1/BlogService/libsslog.so
b3af9000-b3afb000 r--p 00058000 08:05 1576439    /home/orifanne/git/sr_client1/BlogService/libsslog.so
b3afb000-b3afc000 rw-p 0005a000 08:05 1576439    /home/orifanne/git/sr_client1/BlogService/libsslog.so
b3afc000-b3afd000 ---p 00000000 00:00 0 
b3afd000-b3b7d000 rw-p 00000000 00:00 0          [stack:2831]
b3b7d000-b3b80000 ---p 00000000 00:00 0 
b3b80000-b3bce000 rw-p 00000000 00:00 0          [stack:2830]
b3bce000-b3d00000 r--p 00858000 08:05 3678480    /usr/lib/locale/locale-archive
b3d00000-b3f00000 r--p 00000000 08:05 3678480    /usr/lib/locale/locale-archive
b3f00000-b3f21000 rw-p 00000000 00:00 0 
b3f21000-b4000000 ---p 00000000 00:00 0 
b402e000-b4031000 ---p 00000000 00:00 0 
b4031000-b40af000 rw-p 00000000 00:00 0          [stack:2829]
b40af000-b40b2000 ---p 00000000 00:00 0 
b40b2000-b4100000 rw-p 00000000 00:00 0          [stack:2828]
b4100000-b4165000 rw-p 00000000 00:00 0 
b4165000-b4200000 ---p 00000000 00:00 0 
b4209000-b420a000 rw-p 00000000 00:00 0 
b420a000-b420d000 r--s 0000f000 08:05 3681423    /usr/lib/jvm/java-7-openjdk-i386/jre/lib/ext/pulse-java.jar
b420d000-b4211000 r--s 00085000 08:05 3681425    /usr/lib/jvm/java-7-openjdk-i386/jre/lib/ext/localedata.jar
b4211000-b4214000 r--s 00032000 08:05 3681422    /usr/lib/jvm/java-7-openjdk-i386/jre/lib/ext/sunjce_provider.jar
b4214000-b4218000 r--s 0003b000 08:05 3681424    /usr/lib/jvm/java-7-openjdk-i386/jre/lib/ext/sunpkcs11.jar
b4218000-b421b000 ---p 00000000 00:00 0 
b421b000-b4269000 rw-p 00000000 00:00 0          [stack:2827]
b4269000-b426c000 ---p 00000000 00:00 0 
b426c000-b42ba000 rw-p 00000000 00:00 0          [stack:2826]
b42ba000-b42bb000 ---p 00000000 00:00 0 
b42bb000-b4384000 rw-p 00000000 00:00 0          [stack:2825]
b4384000-b4533000 r--s 01cfb000 08:05 3681428    /usr/lib/jvm/java-7-openjdk-i386/jre/lib/rt.jar
b4533000-b4541000 rw-p 00000000 00:00 0 
b4541000-b455b000 rw-p 00000000 00:00 0 
b455b000-b4561000 rw-p 00000000 00:00 0 
b4561000-b4601000 rw-p 00000000 00:00 0 
b4601000-b4604000 rw-p 00000000 00:00 0 
b4604000-b4653000 rw-p 00000000 00:00 0 
b4653000-b4659000 rw-p 00000000 00:00 0 
b4659000-b46f9000 rw-p 00000000 00:00 0 
b46f9000-b46ff000 rw-p 00000000 00:00 0 
b46ff000-b4719000 rw-p 00000000 00:00 0 
b4719000-b4728000 rw-p 00000000 00:00 0 
b4728000-b47a5000 rw-p 00000000 00:00 0 
b47a5000-b483d000 rwxp 00000000 00:00 0 
b483d000-b67a5000 rw-p 00000000 00:00 0 
b67a5000-b67b0000 r-xp 00000000 08:05 4064295    /lib/i386-linux-gnu/libnss_files-2.19.so
b67b0000-b67b1000 r--p 0000a000 08:05 4064295    /lib/i386-linux-gnu/libnss_files-2.19.so
b67b1000-b67b2000 rw-p 0000b000 08:05 4064295    /lib/i386-linux-gnu/libnss_files-2.19.so
b67b2000-b67bc000 r-xp 00000000 08:05 4064305    /lib/i386-linux-gnu/libnss_nis-2.19.so
b67bc000-b67bd000 r--p 00009000 08:05 4064305    /lib/i386-linux-gnu/libnss_nis-2.19.so
b67bd000-b67be000 rw-p 0000a000 08:05 4064305    /lib/i386-linux-gnu/libnss_nis-2.19.so
b67be000-b67d3000 r-xp 00000000 08:05 4064289    /lib/i386-linux-gnu/libnsl-2.19.so
b67d3000-b67d4000 r--p 00015000 08:05 4064289    /lib/i386-linux-gnu/libnsl-2.19.so
b67d4000-b67d5000 rw-p 00016000 08:05 4064289    /lib/i386-linux-gnu/libnsl-2.19.so
b67d5000-b67d7000 rw-p 00000000 00:00 0 
b67d7000-b67fe000 r-xp 00000000 08:05 3681454    /usr/lib/jvm/java-7-openjdk-i386/jre/lib/i386/libjava.so
b67fe000-b67ff000 r--p 00026000 08:05 3681454    /usr/lib/jvm/java-7-openjdk-i386/jre/lib/i386/libjava.so
b67ff000-b6800000 rw-p 00027000 08:05 3681454    /usr/lib/jvm/java-7-openjdk-i386/jre/lib/i386/libjava.so
b6800000-b68a5000 rw-p 00000000 00:00 0 
b68a5000-b6900000 ---p 00000000 00:00 0 
b6900000-b6902000 r--s 00012000 08:05 3681426    /usr/lib/jvm/java-7-openjdk-i386/jre/lib/ext/zipfs.jar
b6902000-b6908000 rw-p 00000000 00:00 0 
b6908000-b690f000 r-xp 00000000 08:05 4064291    /lib/i386-linux-gnu/libnss_compat-2.19.so
b690f000-b6910000 r--p 00006000 08:05 4064291    /lib/i386-linux-gnu/libnss_compat-2.19.so
b6910000-b6911000 rw-p 00007000 08:05 4064291    /lib/i386-linux-gnu/libnss_compat-2.19.so
b6911000-b6912000 rw-p 00000000 00:00 0 
b6912000-b6913000 r--s 00002000 08:05 3681421    /usr/lib/jvm/java-7-openjdk-i386/jre/lib/ext/dnsns.jar
b6913000-b691b000 r-xp 00000000 08:05 3681474    /usr/lib/jvm/java-7-openjdk-i386/jre/lib/i386/libzip.so
b691b000-b691c000 r--p 00007000 08:05 3681474    /usr/lib/jvm/java-7-openjdk-i386/jre/lib/i386/libzip.so
b691c000-b691d000 rw-p 00008000 08:05 3681474    /usr/lib/jvm/java-7-openjdk-i386/jre/lib/i386/libzip.so
b691d000-b6925000 rw-s 00000000 08:05 1836018    /tmp/hsperfdata_orifanne/2823
b6925000-b692c000 r-xp 00000000 08:05 4064348    /lib/i386-linux-gnu/librt-2.19.so
b692c000-b692d000 r--p 00006000 08:05 4064348    /lib/i386-linux-gnu/librt-2.19.so
b692d000-b692e000 rw-p 00007000 08:05 4064348    /lib/i386-linux-gnu/librt-2.19.so
b692e000-b6931000 ---p 00000000 00:00 0 
b6931000-b697f000 rw-p 00000000 00:00 0          [stack:2824]
b697f000-b699b000 r-xp 00000000 08:05 4064247    /lib/i386-linux-gnu/libgcc_s.so.1
b699b000-b699c000 rw-p 0001b000 08:05 4064247    /lib/i386-linux-gnu/libgcc_s.so.1
b699c000-b69e0000 r-xp 00000000 08:05 4064270    /lib/i386-linux-gnu/libm-2.19.so
b69e0000-b69e1000 r--p 00043000 08:05 4064270    /lib/i386-linux-gnu/libm-2.19.so
b69e1000-b69e2000 rw-p 00044000 08:05 4064270    /lib/i386-linux-gnu/libm-2.19.so
b69e2000-b6abe000 r-xp 00000000 08:05 3676233    /usr/lib/i386-linux-gnu/libstdc++.so.6.0.19
b6abe000-b6abf000 ---p 000dc000 08:05 3676233    /usr/lib/i386-linux-gnu/libstdc++.so.6.0.19
b6abf000-b6ac3000 r--p 000dc000 08:05 3676233    /usr/lib/i386-linux-gnu/libstdc++.so.6.0.19
b6ac3000-b6ac4000 rw-p 000e0000 08:05 3676233    /usr/lib/i386-linux-gnu/libstdc++.so.6.0.19
b6ac4000-b6acb000 rw-p 00000000 00:00 0 
b6acb000-b70e1000 r-xp 00000000 08:05 3681472    /usr/lib/jvm/java-7-openjdk-i386/jre/lib/i386/client/libjvm.so
b70e1000-b70f7000 r--p 00615000 08:05 3681472    /usr/lib/jvm/java-7-openjdk-i386/jre/lib/i386/client/libjvm.so
b70f7000-b7106000 rw-p 0062b000 08:05 3681472    /usr/lib/jvm/java-7-openjdk-i386/jre/lib/i386/client/libjvm.so
b7106000-b7521000 rw-p 00000000 00:00 0 
b7521000-b7539000 r-xp 00000000 08:05 4064383    /lib/i386-linux-gnu/libz.so.1.2.8
b7539000-b753a000 r--p 00017000 08:05 4064383    /lib/i386-linux-gnu/libz.so.1.2.8
b753a000-b753b000 rw-p 00018000 08:05 4064383    /lib/i386-linux-gnu/libz.so.1.2.8
b753b000-b7553000 r-xp 00000000 08:05 4064340    /lib/i386-linux-gnu/libpthread-2.19.so
b7553000-b7554000 r--p 00017000 08:05 4064340    /lib/i386-linux-gnu/libpthread-2.19.so
b7554000-b7555000 rw-p 00018000 08:05 4064340    /lib/i386-linux-gnu/libpthread-2.19.so
b7555000-b7557000 rw-p 00000000 00:00 0 
b7557000-b755a000 r-xp 00000000 08:05 4064237    /lib/i386-linux-gnu/libdl-2.19.so
b755a000-b755b000 r--p 00002000 08:05 4064237    /lib/i386-linux-gnu/libdl-2.19.so
b755b000-b755c000 rw-p 00003000 08:05 4064237    /lib/i386-linux-gnu/libdl-2.19.so
b755c000-b7705000 r-xp 00000000 08:05 4064220    /lib/i386-linux-gnu/libc-2.19.so
b7705000-b7707000 r--p 001a9000 08:05 4064220    /lib/i386-linux-gnu/libc-2.19.so
b7707000-b7708000 rw-p 001ab000 08:05 4064220    /lib/i386-linux-gnu/libc-2.19.so
b7708000-b770c000 rw-p 00000000 00:00 0 
b770c000-b770e000 r--s 00006000 08:05 4336135    /usr/share/java/java-atk-wrapper.jar
b770e000-b770f000 rw-p 00000000 00:00 0 
b770f000-b7710000 r--p 00000000 00:00 0 
b7710000-b771e000 r-xp 00000000 08:05 3681465    /usr/lib/jvm/java-7-openjdk-i386/jre/lib/i386/libverify.so
b771e000-b771f000 r--p 0000d000 08:05 3681465    /usr/lib/jvm/java-7-openjdk-i386/jre/lib/i386/libverify.so
b771f000-b7720000 rw-p 0000e000 08:05 3681465    /usr/lib/jvm/java-7-openjdk-i386/jre/lib/i386/libverify.so
b7720000-b772c000 r-xp 00000000 08:05 3681456    /usr/lib/jvm/java-7-openjdk-i386/jre/lib/i386/jli/libjli.so
b772c000-b772d000 r--p 0000c000 08:05 3681456    /usr/lib/jvm/java-7-openjdk-i386/jre/lib/i386/jli/libjli.so
b772d000-b772e000 rw-p 0000d000 08:05 3681456    /usr/lib/jvm/java-7-openjdk-i386/jre/lib/i386/jli/libjli.so
b772e000-b7730000 rw-p 00000000 00:00 0 
b7730000-b7731000 r-xp 00000000 00:00 0          [vdso]
b7731000-b7751000 r-xp 00000000 08:05 4064196    /lib/i386-linux-gnu/ld-2.19.so
b7751000-b7752000 r--p 0001f000 08:05 4064196    /lib/i386-linux-gnu/ld-2.19.so
b7752000-b7753000 rw-p 00020000 08:05 4064196    /lib/i386-linux-gnu/ld-2.19.so
bfb69000-bfb8a000 rw-p 00000000 00:00 0          [stack]

VM Arguments:
java_command: BlogService
Launcher Type: SUN_STANDARD

Environment Variables:
PATH=/usr/local/sbin:/usr/local/bin:/usr/sbin:/usr/bin:/sbin:/bin:/usr/games:/usr/local/games
SHELL=/bin/bash
DISPLAY=:0

Signal Handlers:
SIGSEGV: [libjvm.so+0x4d6860], sa_mask[0]=0x7ffbfeff, sa_flags=0x10000004
SIGBUS: [libjvm.so+0x4d6860], sa_mask[0]=0x7ffbfeff, sa_flags=0x10000004
SIGFPE: [libjvm.so+0x3babf0], sa_mask[0]=0x7ffbfeff, sa_flags=0x10000004
SIGPIPE: [libjvm.so+0x3babf0], sa_mask[0]=0x7ffbfeff, sa_flags=0x10000004
SIGXFSZ: [libjvm.so+0x3babf0], sa_mask[0]=0x7ffbfeff, sa_flags=0x10000004
SIGILL: [libjvm.so+0x3babf0], sa_mask[0]=0x7ffbfeff, sa_flags=0x10000004
SIGUSR1: SIG_DFL, sa_mask[0]=0x00000000, sa_flags=0x00000000
SIGUSR2: [libjvm.so+0x3baa80], sa_mask[0]=0x00000000, sa_flags=0x10000004
SIGHUP: [libjvm.so+0x3bacb0], sa_mask[0]=0x7ffbfeff, sa_flags=0x10000004
SIGINT: [libjvm.so+0x3bacb0], sa_mask[0]=0x7ffbfeff, sa_flags=0x10000004
SIGTERM: [libjvm.so+0x3bacb0], sa_mask[0]=0x7ffbfeff, sa_flags=0x10000004
SIGQUIT: [libjvm.so+0x3bacb0], sa_mask[0]=0x7ffbfeff, sa_flags=0x10000004


---------------  S Y S T E M  ---------------

OS:Ubuntu 14.04 (trusty)
uname:Linux 3.13.0-24-generic #46-Ubuntu SMP Thu Apr 10 19:08:14 UTC 2014 i686
libc:glibc 2.19 NPTL 2.19 
rlimit: STACK 8192k, CORE 0k, NPROC 7780, NOFILE 4096, AS infinity
load average:0,82 0,66 0,54

/proc/meminfo:
MemTotal:        1014928 kB
MemFree:           29488 kB
Buffers:           10836 kB
Cached:           236504 kB
SwapCached:        70280 kB
Active:           433916 kB
Inactive:         475104 kB
Active(anon):     350948 kB
Inactive(anon):   405412 kB
Active(file):      82968 kB
Inactive(file):    69692 kB
Unevictable:          16 kB
Mlocked:              16 kB
HighTotal:        125704 kB
HighFree:           5944 kB
LowTotal:         889224 kB
LowFree:           23544 kB
SwapTotal:      13211644 kB
SwapFree:       12690204 kB
Dirty:               584 kB
Writeback:             0 kB
AnonPages:        612772 kB
Mapped:            69320 kB
Shmem:             94544 kB
Slab:              37148 kB
SReclaimable:      18864 kB
SUnreclaim:        18284 kB
KernelStack:        3640 kB
PageTables:        11384 kB
NFS_Unstable:          0 kB
Bounce:                0 kB
WritebackTmp:          0 kB
CommitLimit:    13719108 kB
Committed_AS:    4714452 kB
VmallocTotal:     122880 kB
VmallocUsed:       13616 kB
VmallocChunk:      75892 kB
HardwareCorrupted:     0 kB
AnonHugePages:         0 kB
HugePages_Total:       0
HugePages_Free:        0
HugePages_Rsvd:        0
HugePages_Surp:        0
Hugepagesize:       2048 kB
DirectMap4k:      913400 kB
DirectMap2M:           0 kB


CPU:total 2 (1 cores per cpu, 2 threads per core) family 6 model 28 stepping 2, cmov, cx8, fxsr, mmx, sse, sse2, sse3, ssse3, ht, tsc

/proc/cpuinfo:
processor	: 0
vendor_id	: GenuineIntel
cpu family	: 6
model		: 28
model name	: Intel(R) Atom(TM) CPU N270   @ 1.60GHz
stepping	: 2
microcode	: 0x20a
cpu MHz		: 1600.000
cache size	: 512 KB
physical id	: 0
siblings	: 2
core id		: 0
cpu cores	: 1
apicid		: 0
initial apicid	: 0
fdiv_bug	: no
f00f_bug	: no
coma_bug	: no
fpu		: yes
fpu_exception	: yes
cpuid level	: 10
wp		: yes
flags		: fpu vme de tsc msr pae mce cx8 apic sep mtrr pge mca cmov pat clflush dts acpi mmx fxsr sse sse2 ss ht tm pbe nx constant_tsc arch_perfmon pebs bts aperfmperf pni dtes64 monitor ds_cpl est tm2 ssse3 xtpr pdcm movbe lahf_lm dtherm
bogomips	: 3191.82
clflush size	: 64
cache_alignment	: 64
address sizes	: 32 bits physical, 32 bits virtual
power management:

processor	: 1
vendor_id	: GenuineIntel
cpu family	: 6
model		: 28
model name	: Intel(R) Atom(TM) CPU N270   @ 1.60GHz
stepping	: 2
microcode	: 0x20a
cpu MHz		: 1067.000
cache size	: 512 KB
physical id	: 0
siblings	: 2
core id		: 0
cpu cores	: 1
apicid		: 1
initial apicid	: 1
fdiv_bug	: no
f00f_bug	: no
coma_bug	: no
fpu		: yes
fpu_exception	: yes
cpuid level	: 10
wp		: yes
flags		: fpu vme de tsc msr pae mce cx8 apic sep mtrr pge mca cmov pat clflush dts acpi mmx fxsr sse sse2 ss ht tm pbe nx constant_tsc arch_perfmon pebs bts aperfmperf pni dtes64 monitor ds_cpl est tm2 ssse3 xtpr pdcm movbe lahf_lm dtherm
bogomips	: 3191.82
clflush size	: 64
cache_alignment	: 64
address sizes	: 32 bits physical, 32 bits virtual
power management:



Memory: 4k page, physical 1014928k(29488k free), swap 13211644k(12690204k free)

vm_info: OpenJDK Client VM (24.51-b03) for linux-x86 JRE (1.7.0_55-b14), built on Apr 17 2014 20:12:39 by "buildd" with gcc 4.8.2

time: Sat May 24 18:04:31 2014
elapsed time: 0 seconds

