#
# A fatal error has been detected by the Java Runtime Environment:
#
#  SIGSEGV (0xb) at pc=0xb6de86fc, pid=2865, tid=3063851840
#
# JRE version: OpenJDK Runtime Environment (7.0_55-b14) (build 1.7.0_55-b14)
# Java VM: OpenJDK Client VM (24.51-b03 mixed mode, sharing linux-x86 )
# Problematic frame:
# V  [libjvm.so+0x2b16fc]  get_method_id(JNIEnv_*, _jclass*, char const*, char const*, bool, Thread*) [clone .isra.75]+0x7c
#
# Failed to write core dump. Core dumps have been disabled. To enable core dumping, try "ulimit -c unlimited" before starting Java again
#
# If you would like to submit a bug report, please include
# instructions on how to reproduce the bug and visit:
#   http://icedtea.classpath.org/bugzilla
#

---------------  T H R E A D  ---------------

Current thread (0xb6807400):  JavaThread "main" [_thread_in_vm, id=2866, stack(0xb699a000,0xb69eb000)]

siginfo:si_signo=SIGSEGV: si_errno=0, si_code=1 (SEGV_MAPERR), si_addr=0x00000000

Registers:
EAX=0x93f3e1e8, EBX=0xb7163000, ECX=0x93f3e1e8, EDX=0x93f3e1e8
ESP=0xb69e9ea0, EBP=0x00000000, ESI=0xb6877de8, EDI=0xb69e9edc
EIP=0xb6de86fc, EFLAGS=0x00010286, CR2=0x00000000

Top of Stack: (sp=0xb69e9ea0)
0xb69e9ea0:   b3b6e984 00000027 b69e9edc b76f131c
0xb69e9eb0:   b7773e00 b6954000 00000016 0000000a
0xb69e9ec0:   93f3e1e8 b3b6e9ac 00000000 b7773000
0xb69e9ed0:   b7773e00 b7773e00 b77748bc e925fa09
0xb69e9ee0:   b7773e00 0000000a 00000001 b7163000
0xb69e9ef0:   b6807400 b6807400 b69e9f78 b6dec8d5
0xb69e9f00:   b3b6e984 00000000 b6807400 b69eab40
0xb69e9f10:   b6807400 00000000 00000000 b3b7a000 

Instructions: (pc=0xb6de86fc)
0xb6de86dc:   8b 44 24 60 89 04 24 e8 68 9d 1a 00 85 f6 89 44
0xb6de86ec:   24 20 0f 84 a4 02 00 00 85 c0 0f 84 24 03 00 00
0xb6de86fc:   8b 45 00 89 04 24 e8 c9 67 ff ff 84 c0 0f 85 51
0xb6de870c:   03 00 00 8b 45 00 89 04 24 e8 06 65 ff ff 85 c0 

Register to memory mapping:

EAX=0x93f3e1e8 is an unknown value
EBX=0xb7163000: <offset 0x62c000> in /usr/lib/jvm/java-7-openjdk-i386/jre/lib/i386/client/libjvm.so at 0xb6b37000
ECX=0x93f3e1e8 is an unknown value
EDX=0x93f3e1e8 is an unknown value
ESP=0xb69e9ea0 is pointing into the stack for thread: 0xb6807400
EBP=0x00000000 is an unknown value
ESI=0xb6877de8 is an unknown value
EDI=0xb69e9edc is pointing into the stack for thread: 0xb6807400


Stack: [0xb699a000,0xb69eb000],  sp=0xb69e9ea0,  free space=319k
Native frames: (J=compiled Java code, j=interpreted, Vv=VM code, C=native code)
V  [libjvm.so+0x2b16fc]  get_method_id(JNIEnv_*, _jclass*, char const*, char const*, bool, Thread*) [clone .isra.75]+0x7c

[error occurred during error reporting (printing native stack), id 0xb]

Java frames: (J=compiled Java code, j=interpreted, Vv=VM code)
j  BlogService.loadTimeslotList(LBlogService;)I+0
j  BlogService.getThemesFromSS()[Ljava/lang/String;+12
j  BlogService.main([Ljava/lang/String;)V+93
v  ~StubRoutines::call_stub

---------------  P R O C E S S  ---------------

Java Threads: ( => current thread )
  0xb6888400 JavaThread "Thread-0" [_thread_in_native, id=2874, stack(0xb3acf000,0xb3b20000)]
  0xb684b400 JavaThread "Service Thread" daemon [_thread_blocked, id=2872, stack(0xb3bfc000,0xb3c4d000)]
  0xb6849400 JavaThread "C1 CompilerThread0" daemon [_thread_blocked, id=2871, stack(0xb3c4d000,0xb3cce000)]
  0xb6847800 JavaThread "Signal Dispatcher" daemon [_thread_blocked, id=2870, stack(0xb410d000,0xb415e000)]
  0xb6833000 JavaThread "Finalizer" daemon [_thread_blocked, id=2869, stack(0xb415e000,0xb41af000)]
  0xb6831800 JavaThread "Reference Handler" daemon [_thread_blocked, id=2868, stack(0xb41af000,0xb4200000)]
=>0xb6807400 JavaThread "main" [_thread_in_vm, id=2866, stack(0xb699a000,0xb69eb000)]

Other Threads:
  0xb6830000 VMThread [stack: 0xb431c000,0xb439d000] [id=2867]
  0xb6855800 WatcherThread [stack: 0xb3b7b000,0xb3bfc000] [id=2873]

VM state:not at safepoint (normal execution)

VM Mutex/Monitor currently owned by a thread: None

Heap
 def new generation   total 4736K, used 354K [0x6f930000, 0x6fe50000, 0x79e80000)
  eden space 4224K,   8% used [0x6f930000, 0x6f988928, 0x6fd50000)
  from space 512K,   0% used [0x6fd50000, 0x6fd50000, 0x6fdd0000)
  to   space 512K,   0% used [0x6fdd0000, 0x6fdd0000, 0x6fe50000)
 tenured generation   total 10624K, used 0K [0x79e80000, 0x7a8e0000, 0x8e930000)
   the space 10624K,   0% used [0x79e80000, 0x79e80000, 0x79e80200, 0x7a8e0000)
 compacting perm gen  total 12288K, used 142K [0x8e930000, 0x8f530000, 0x92930000)
   the space 12288K,   1% used [0x8e930000, 0x8e953850, 0x8e953a00, 0x8f530000)
    ro space 10240K,  58% used [0x92930000, 0x92f0cc30, 0x92f0ce00, 0x93330000)
    rw space 12288K,  59% used [0x93330000, 0x93a4d098, 0x93a4d200, 0x93f30000)

Card table byte_map: [0xb465c000,0xb4780000] byte_map_base: 0xb42df680

Polling page: 0xb777b000

Code Cache  [0xb4800000, 0xb4898000, 0xb6800000)
 total_blobs=139 nmethods=9 adapters=68 free_code_cache=32164Kb largest_free_block=32936768

Compilation events (10 events):
Event: 0,206 Thread 0xb6849400    5             sun.nio.cs.UTF_8$Encoder::encode (361 bytes)
Event: 0,210 Thread 0xb6849400 nmethod 5 0xb4891a08 code [0xb4891b60, 0xb4891fe8]
Event: 0,215 Thread 0xb6849400    6             java.io.UnixFileSystem::normalize (75 bytes)
Event: 0,216 Thread 0xb6849400 nmethod 6 0xb48925c8 code [0xb4892700, 0xb48928d4]
Event: 0,216 Thread 0xb6849400    7             java.lang.String::lastIndexOf (52 bytes)
Event: 0,217 Thread 0xb6849400 nmethod 7 0xb4892b48 code [0xb4892c50, 0xb4892d5c]
Event: 0,230 Thread 0xb6849400    8             sun.nio.cs.UTF_8$Decoder::decode (640 bytes)
Event: 0,244 Thread 0xb6849400 nmethod 8 0xb4892e48 code [0xb4893220, 0xb489461c]
Event: 0,244 Thread 0xb6849400    9             java.lang.Object::<init> (1 bytes)
Event: 0,245 Thread 0xb6849400 nmethod 9 0xb4896ac8 code [0xb4896bc0, 0xb4896c50]

GC Heap History (0 events):
No events

Deoptimization events (0 events):
No events

Internal exceptions (6 events):
Event: 0,122 Thread 0xb6807400 Threw 0x6f935898 at /build/buildd/openjdk-7-7u55-2.4.7/build/openjdk/hotspot/src/share/vm/prims/jni.cpp:3991
Event: 0,219 Thread 0xb6807400 Threw 0x6f963468 at /build/buildd/openjdk-7-7u55-2.4.7/build/openjdk/hotspot/src/share/vm/prims/jni.cpp:717
Event: 0,220 Thread 0xb6807400 Threw 0x6f963580 at /build/buildd/openjdk-7-7u55-2.4.7/build/openjdk/hotspot/src/share/vm/prims/jvm.cpp:1244
Event: 0,220 Thread 0xb6807400 Threw 0x6f963698 at /build/buildd/openjdk-7-7u55-2.4.7/build/openjdk/hotspot/src/share/vm/prims/jvm.cpp:1244
Event: 0,220 Thread 0xb6807400 Threw 0x6f9638c8 at /build/buildd/openjdk-7-7u55-2.4.7/build/openjdk/hotspot/src/share/vm/prims/jvm.cpp:1244
Event: 0,232 Thread 0xb6807400 Threw 0x6f96b470 at /build/buildd/openjdk-7-7u55-2.4.7/build/openjdk/hotspot/src/share/vm/prims/jvm.cpp:1244

Events (10 events):
Event: 0,211 loading class 0x940531b8 done
Event: 0,211 loading class 0x94052198
Event: 0,211 loading class 0x94052198 done
Event: 0,219 loading class 0x940531f8
Event: 0,219 loading class 0x940531f8 done
Event: 0,222 loading class 0x93f6b3e0
Event: 0,222 loading class 0x93f6b3e0 done
Event: 0,232 loading class 0xb68780b0
Event: 0,232 loading class 0xb68780b0 done
Event: 0,237 Thread 0xb6888400 Thread added: 0xb6888400


Dynamic libraries:
08048000-08049000 r-xp 00000000 08:05 3681499    /usr/lib/jvm/java-7-openjdk-i386/jre/bin/java
08049000-0804a000 r--p 00000000 08:05 3681499    /usr/lib/jvm/java-7-openjdk-i386/jre/bin/java
0804a000-0804b000 rw-p 00001000 08:05 3681499    /usr/lib/jvm/java-7-openjdk-i386/jre/bin/java
082db000-082fc000 rw-p 00000000 00:00 0          [heap]
6f930000-6fe50000 rw-p 00000000 00:00 0 
6fe50000-79e80000 rw-p 00000000 00:00 0 
79e80000-7a8e0000 rw-p 00000000 00:00 0 
7a8e0000-8e930000 rw-p 00000000 00:00 0 
8e930000-8f530000 rw-p 00000000 00:00 0 
8f530000-92930000 rw-p 00000000 00:00 0 
92930000-92f0d000 r--p 00001000 08:05 3682205    /usr/lib/jvm/java-7-openjdk-i386/jre/lib/i386/client/classes.jsa
92f0d000-93330000 rw-p 00000000 00:00 0 
93330000-93a4e000 rw-p 005de000 08:05 3682205    /usr/lib/jvm/java-7-openjdk-i386/jre/lib/i386/client/classes.jsa
93a4e000-93f30000 rw-p 00000000 00:00 0 
93f30000-9423e000 rw-p 00cfc000 08:05 3682205    /usr/lib/jvm/java-7-openjdk-i386/jre/lib/i386/client/classes.jsa
9423e000-94330000 rw-p 00000000 00:00 0 
94330000-94339000 r-xp 0100a000 08:05 3682205    /usr/lib/jvm/java-7-openjdk-i386/jre/lib/i386/client/classes.jsa
94339000-94730000 rw-p 00000000 00:00 0 
b3991000-b3acf000 rw-p 00000000 00:00 0 
b3acf000-b3ad2000 ---p 00000000 00:00 0 
b3ad2000-b3b20000 rw-p 00000000 00:00 0          [stack:2874]
b3b20000-b3b78000 r-xp 00000000 08:05 1576439    /home/orifanne/git/sr_client1/BlogService/libsslog.so
b3b78000-b3b7a000 r--p 00058000 08:05 1576439    /home/orifanne/git/sr_client1/BlogService/libsslog.so
b3b7a000-b3b7b000 rw-p 0005a000 08:05 1576439    /home/orifanne/git/sr_client1/BlogService/libsslog.so
b3b7b000-b3b7c000 ---p 00000000 00:00 0 
b3b7c000-b3bfc000 rw-p 00000000 00:00 0          [stack:2873]
b3bfc000-b3bff000 ---p 00000000 00:00 0 
b3bff000-b3c4d000 rw-p 00000000 00:00 0          [stack:2872]
b3c4d000-b3c50000 ---p 00000000 00:00 0 
b3c50000-b3cce000 rw-p 00000000 00:00 0          [stack:2871]
b3cce000-b3e00000 r--p 00858000 08:05 3678480    /usr/lib/locale/locale-archive
b3e00000-b4000000 r--p 00000000 08:05 3678480    /usr/lib/locale/locale-archive
b4000000-b4021000 rw-p 00000000 00:00 0 
b4021000-b4100000 ---p 00000000 00:00 0 
b410d000-b4110000 ---p 00000000 00:00 0 
b4110000-b415e000 rw-p 00000000 00:00 0          [stack:2870]
b415e000-b4161000 ---p 00000000 00:00 0 
b4161000-b41af000 rw-p 00000000 00:00 0          [stack:2869]
b41af000-b41b2000 ---p 00000000 00:00 0 
b41b2000-b4200000 rw-p 00000000 00:00 0          [stack:2868]
b4200000-b4265000 rw-p 00000000 00:00 0 
b4265000-b4300000 ---p 00000000 00:00 0 
b4317000-b4319000 r--s 00012000 08:05 3681426    /usr/lib/jvm/java-7-openjdk-i386/jre/lib/ext/zipfs.jar
b4319000-b431c000 r--s 0000f000 08:05 3681423    /usr/lib/jvm/java-7-openjdk-i386/jre/lib/ext/pulse-java.jar
b431c000-b431d000 ---p 00000000 00:00 0 
b431d000-b43e6000 rw-p 00000000 00:00 0          [stack:2867]
b43e6000-b4595000 r--s 01cfb000 08:05 3681428    /usr/lib/jvm/java-7-openjdk-i386/jre/lib/rt.jar
b4595000-b459c000 rw-p 00000000 00:00 0 
b459c000-b45b6000 rw-p 00000000 00:00 0 
b45b6000-b45bc000 rw-p 00000000 00:00 0 
b45bc000-b465c000 rw-p 00000000 00:00 0 
b465c000-b465f000 rw-p 00000000 00:00 0 
b465f000-b46ae000 rw-p 00000000 00:00 0 
b46ae000-b46b4000 rw-p 00000000 00:00 0 
b46b4000-b4754000 rw-p 00000000 00:00 0 
b4754000-b475a000 rw-p 00000000 00:00 0 
b475a000-b4774000 rw-p 00000000 00:00 0 
b4774000-b4783000 rw-p 00000000 00:00 0 
b4783000-b4800000 rw-p 00000000 00:00 0 
b4800000-b4898000 rwxp 00000000 00:00 0 
b4898000-b68a5000 rw-p 00000000 00:00 0 
b68a5000-b6900000 ---p 00000000 00:00 0 
b6900000-b6901000 rw-p 00000000 00:00 0 
b6901000-b6905000 r--s 00085000 08:05 3681425    /usr/lib/jvm/java-7-openjdk-i386/jre/lib/ext/localedata.jar
b6905000-b6908000 r--s 00032000 08:05 3681422    /usr/lib/jvm/java-7-openjdk-i386/jre/lib/ext/sunjce_provider.jar
b6908000-b690c000 r--s 0003b000 08:05 3681424    /usr/lib/jvm/java-7-openjdk-i386/jre/lib/ext/sunpkcs11.jar
b690c000-b6919000 rw-p 00000000 00:00 0 
b6919000-b6924000 r-xp 00000000 08:05 4064295    /lib/i386-linux-gnu/libnss_files-2.19.so
b6924000-b6925000 r--p 0000a000 08:05 4064295    /lib/i386-linux-gnu/libnss_files-2.19.so
b6925000-b6926000 rw-p 0000b000 08:05 4064295    /lib/i386-linux-gnu/libnss_files-2.19.so
b6926000-b6930000 r-xp 00000000 08:05 4064305    /lib/i386-linux-gnu/libnss_nis-2.19.so
b6930000-b6931000 r--p 00009000 08:05 4064305    /lib/i386-linux-gnu/libnss_nis-2.19.so
b6931000-b6932000 rw-p 0000a000 08:05 4064305    /lib/i386-linux-gnu/libnss_nis-2.19.so
b6932000-b6947000 r-xp 00000000 08:05 4064289    /lib/i386-linux-gnu/libnsl-2.19.so
b6947000-b6948000 r--p 00015000 08:05 4064289    /lib/i386-linux-gnu/libnsl-2.19.so
b6948000-b6949000 rw-p 00016000 08:05 4064289    /lib/i386-linux-gnu/libnsl-2.19.so
b6949000-b694b000 rw-p 00000000 00:00 0 
b694b000-b6952000 r-xp 00000000 08:05 4064291    /lib/i386-linux-gnu/libnss_compat-2.19.so
b6952000-b6953000 r--p 00006000 08:05 4064291    /lib/i386-linux-gnu/libnss_compat-2.19.so
b6953000-b6954000 rw-p 00007000 08:05 4064291    /lib/i386-linux-gnu/libnss_compat-2.19.so
b6954000-b6955000 rw-p 00000000 00:00 0 
b6955000-b6956000 r--s 00002000 08:05 3681421    /usr/lib/jvm/java-7-openjdk-i386/jre/lib/ext/dnsns.jar
b6956000-b695e000 r-xp 00000000 08:05 3681474    /usr/lib/jvm/java-7-openjdk-i386/jre/lib/i386/libzip.so
b695e000-b695f000 r--p 00007000 08:05 3681474    /usr/lib/jvm/java-7-openjdk-i386/jre/lib/i386/libzip.so
b695f000-b6960000 rw-p 00008000 08:05 3681474    /usr/lib/jvm/java-7-openjdk-i386/jre/lib/i386/libzip.so
b6960000-b6968000 rw-s 00000000 08:05 1836018    /tmp/hsperfdata_orifanne/2865
b6968000-b698f000 r-xp 00000000 08:05 3681454    /usr/lib/jvm/java-7-openjdk-i386/jre/lib/i386/libjava.so
b698f000-b6990000 r--p 00026000 08:05 3681454    /usr/lib/jvm/java-7-openjdk-i386/jre/lib/i386/libjava.so
b6990000-b6991000 rw-p 00027000 08:05 3681454    /usr/lib/jvm/java-7-openjdk-i386/jre/lib/i386/libjava.so
b6991000-b6998000 r-xp 00000000 08:05 4064348    /lib/i386-linux-gnu/librt-2.19.so
b6998000-b6999000 r--p 00006000 08:05 4064348    /lib/i386-linux-gnu/librt-2.19.so
b6999000-b699a000 rw-p 00007000 08:05 4064348    /lib/i386-linux-gnu/librt-2.19.so
b699a000-b699d000 ---p 00000000 00:00 0 
b699d000-b69eb000 rw-p 00000000 00:00 0          [stack:2866]
b69eb000-b6a07000 r-xp 00000000 08:05 4064247    /lib/i386-linux-gnu/libgcc_s.so.1
b6a07000-b6a08000 rw-p 0001b000 08:05 4064247    /lib/i386-linux-gnu/libgcc_s.so.1
b6a08000-b6a4c000 r-xp 00000000 08:05 4064270    /lib/i386-linux-gnu/libm-2.19.so
b6a4c000-b6a4d000 r--p 00043000 08:05 4064270    /lib/i386-linux-gnu/libm-2.19.so
b6a4d000-b6a4e000 rw-p 00044000 08:05 4064270    /lib/i386-linux-gnu/libm-2.19.so
b6a4e000-b6b2a000 r-xp 00000000 08:05 3676233    /usr/lib/i386-linux-gnu/libstdc++.so.6.0.19
b6b2a000-b6b2b000 ---p 000dc000 08:05 3676233    /usr/lib/i386-linux-gnu/libstdc++.so.6.0.19
b6b2b000-b6b2f000 r--p 000dc000 08:05 3676233    /usr/lib/i386-linux-gnu/libstdc++.so.6.0.19
b6b2f000-b6b30000 rw-p 000e0000 08:05 3676233    /usr/lib/i386-linux-gnu/libstdc++.so.6.0.19
b6b30000-b6b37000 rw-p 00000000 00:00 0 
b6b37000-b714d000 r-xp 00000000 08:05 3681472    /usr/lib/jvm/java-7-openjdk-i386/jre/lib/i386/client/libjvm.so
b714d000-b7163000 r--p 00615000 08:05 3681472    /usr/lib/jvm/java-7-openjdk-i386/jre/lib/i386/client/libjvm.so
b7163000-b7172000 rw-p 0062b000 08:05 3681472    /usr/lib/jvm/java-7-openjdk-i386/jre/lib/i386/client/libjvm.so
b7172000-b758d000 rw-p 00000000 00:00 0 
b758d000-b75a5000 r-xp 00000000 08:05 4064383    /lib/i386-linux-gnu/libz.so.1.2.8
b75a5000-b75a6000 r--p 00017000 08:05 4064383    /lib/i386-linux-gnu/libz.so.1.2.8
b75a6000-b75a7000 rw-p 00018000 08:05 4064383    /lib/i386-linux-gnu/libz.so.1.2.8
b75a7000-b75bf000 r-xp 00000000 08:05 4064340    /lib/i386-linux-gnu/libpthread-2.19.so
b75bf000-b75c0000 r--p 00017000 08:05 4064340    /lib/i386-linux-gnu/libpthread-2.19.so
b75c0000-b75c1000 rw-p 00018000 08:05 4064340    /lib/i386-linux-gnu/libpthread-2.19.so
b75c1000-b75c3000 rw-p 00000000 00:00 0 
b75c3000-b75c6000 r-xp 00000000 08:05 4064237    /lib/i386-linux-gnu/libdl-2.19.so
b75c6000-b75c7000 r--p 00002000 08:05 4064237    /lib/i386-linux-gnu/libdl-2.19.so
b75c7000-b75c8000 rw-p 00003000 08:05 4064237    /lib/i386-linux-gnu/libdl-2.19.so
b75c8000-b7771000 r-xp 00000000 08:05 4064220    /lib/i386-linux-gnu/libc-2.19.so
b7771000-b7773000 r--p 001a9000 08:05 4064220    /lib/i386-linux-gnu/libc-2.19.so
b7773000-b7774000 rw-p 001ab000 08:05 4064220    /lib/i386-linux-gnu/libc-2.19.so
b7774000-b7778000 rw-p 00000000 00:00 0 
b7778000-b777a000 r--s 00006000 08:05 4336135    /usr/share/java/java-atk-wrapper.jar
b777a000-b777b000 rw-p 00000000 00:00 0 
b777b000-b777c000 r--p 00000000 00:00 0 
b777c000-b778a000 r-xp 00000000 08:05 3681465    /usr/lib/jvm/java-7-openjdk-i386/jre/lib/i386/libverify.so
b778a000-b778b000 r--p 0000d000 08:05 3681465    /usr/lib/jvm/java-7-openjdk-i386/jre/lib/i386/libverify.so
b778b000-b778c000 rw-p 0000e000 08:05 3681465    /usr/lib/jvm/java-7-openjdk-i386/jre/lib/i386/libverify.so
b778c000-b7798000 r-xp 00000000 08:05 3681456    /usr/lib/jvm/java-7-openjdk-i386/jre/lib/i386/jli/libjli.so
b7798000-b7799000 r--p 0000c000 08:05 3681456    /usr/lib/jvm/java-7-openjdk-i386/jre/lib/i386/jli/libjli.so
b7799000-b779a000 rw-p 0000d000 08:05 3681456    /usr/lib/jvm/java-7-openjdk-i386/jre/lib/i386/jli/libjli.so
b779a000-b779c000 rw-p 00000000 00:00 0 
b779c000-b779d000 r-xp 00000000 00:00 0          [vdso]
b779d000-b77bd000 r-xp 00000000 08:05 4064196    /lib/i386-linux-gnu/ld-2.19.so
b77bd000-b77be000 r--p 0001f000 08:05 4064196    /lib/i386-linux-gnu/ld-2.19.so
b77be000-b77bf000 rw-p 00020000 08:05 4064196    /lib/i386-linux-gnu/ld-2.19.so
bfc3e000-bfc5f000 rw-p 00000000 00:00 0          [stack]

VM Arguments:
java_command: BlogService
Launcher Type: SUN_STANDARD

Environment Variables:
PATH=/usr/local/sbin:/usr/local/bin:/usr/sbin:/usr/bin:/sbin:/bin:/usr/games:/usr/local/games
SHELL=/bin/bash
DISPLAY=:0

Signal Handlers:
SIGSEGV: [libjvm.so+0x4d6860], sa_mask[0]=0x7ffbfeff, sa_flags=0x10000004
SIGBUS: [libjvm.so+0x4d6860], sa_mask[0]=0x7ffbfeff, sa_flags=0x10000004
SIGFPE: [libjvm.so+0x3babf0], sa_mask[0]=0x7ffbfeff, sa_flags=0x10000004
SIGPIPE: [libjvm.so+0x3babf0], sa_mask[0]=0x7ffbfeff, sa_flags=0x10000004
SIGXFSZ: [libjvm.so+0x3babf0], sa_mask[0]=0x7ffbfeff, sa_flags=0x10000004
SIGILL: [libjvm.so+0x3babf0], sa_mask[0]=0x7ffbfeff, sa_flags=0x10000004
SIGUSR1: SIG_DFL, sa_mask[0]=0x00000000, sa_flags=0x00000000
SIGUSR2: [libjvm.so+0x3baa80], sa_mask[0]=0x00000000, sa_flags=0x10000004
SIGHUP: [libjvm.so+0x3bacb0], sa_mask[0]=0x7ffbfeff, sa_flags=0x10000004
SIGINT: [libjvm.so+0x3bacb0], sa_mask[0]=0x7ffbfeff, sa_flags=0x10000004
SIGTERM: [libjvm.so+0x3bacb0], sa_mask[0]=0x7ffbfeff, sa_flags=0x10000004
SIGQUIT: [libjvm.so+0x3bacb0], sa_mask[0]=0x7ffbfeff, sa_flags=0x10000004


---------------  S Y S T E M  ---------------

OS:Ubuntu 14.04 (trusty)
uname:Linux 3.13.0-24-generic #46-Ubuntu SMP Thu Apr 10 19:08:14 UTC 2014 i686
libc:glibc 2.19 NPTL 2.19 
rlimit: STACK 8192k, CORE 0k, NPROC 7780, NOFILE 4096, AS infinity
load average:0,60 0,64 0,55

/proc/meminfo:
MemTotal:        1014928 kB
MemFree:           30652 kB
Buffers:           10608 kB
Cached:           233444 kB
SwapCached:        70616 kB
Active:           449428 kB
Inactive:         458392 kB
Active(anon):     364080 kB
Inactive(anon):   392840 kB
Active(file):      85348 kB
Inactive(file):    65552 kB
Unevictable:          16 kB
Mlocked:              16 kB
HighTotal:        125704 kB
HighFree:           5524 kB
LowTotal:         889224 kB
LowFree:           25128 kB
SwapTotal:      13211644 kB
SwapFree:       12689776 kB
Dirty:               568 kB
Writeback:             0 kB
AnonPages:        614672 kB
Mapped:            69708 kB
Shmem:             93088 kB
Slab:              37156 kB
SReclaimable:      18872 kB
SUnreclaim:        18284 kB
KernelStack:        3640 kB
PageTables:        11412 kB
NFS_Unstable:          0 kB
Bounce:                0 kB
WritebackTmp:          0 kB
CommitLimit:    13719108 kB
Committed_AS:    4715612 kB
VmallocTotal:     122880 kB
VmallocUsed:       13616 kB
VmallocChunk:      75892 kB
HardwareCorrupted:     0 kB
AnonHugePages:         0 kB
HugePages_Total:       0
HugePages_Free:        0
HugePages_Rsvd:        0
HugePages_Surp:        0
Hugepagesize:       2048 kB
DirectMap4k:      913400 kB
DirectMap2M:           0 kB


CPU:total 2 (1 cores per cpu, 2 threads per core) family 6 model 28 stepping 2, cmov, cx8, fxsr, mmx, sse, sse2, sse3, ssse3, ht, tsc

/proc/cpuinfo:
processor	: 0
vendor_id	: GenuineIntel
cpu family	: 6
model		: 28
model name	: Intel(R) Atom(TM) CPU N270   @ 1.60GHz
stepping	: 2
microcode	: 0x20a
cpu MHz		: 1600.000
cache size	: 512 KB
physical id	: 0
siblings	: 2
core id		: 0
cpu cores	: 1
apicid		: 0
initial apicid	: 0
fdiv_bug	: no
f00f_bug	: no
coma_bug	: no
fpu		: yes
fpu_exception	: yes
cpuid level	: 10
wp		: yes
flags		: fpu vme de tsc msr pae mce cx8 apic sep mtrr pge mca cmov pat clflush dts acpi mmx fxsr sse sse2 ss ht tm pbe nx constant_tsc arch_perfmon pebs bts aperfmperf pni dtes64 monitor ds_cpl est tm2 ssse3 xtpr pdcm movbe lahf_lm dtherm
bogomips	: 3191.82
clflush size	: 64
cache_alignment	: 64
address sizes	: 32 bits physical, 32 bits virtual
power management:

processor	: 1
vendor_id	: GenuineIntel
cpu family	: 6
model		: 28
model name	: Intel(R) Atom(TM) CPU N270   @ 1.60GHz
stepping	: 2
microcode	: 0x20a
cpu MHz		: 1600.000
cache size	: 512 KB
physical id	: 0
siblings	: 2
core id		: 0
cpu cores	: 1
apicid		: 1
initial apicid	: 1
fdiv_bug	: no
f00f_bug	: no
coma_bug	: no
fpu		: yes
fpu_exception	: yes
cpuid level	: 10
wp		: yes
flags		: fpu vme de tsc msr pae mce cx8 apic sep mtrr pge mca cmov pat clflush dts acpi mmx fxsr sse sse2 ss ht tm pbe nx constant_tsc arch_perfmon pebs bts aperfmperf pni dtes64 monitor ds_cpl est tm2 ssse3 xtpr pdcm movbe lahf_lm dtherm
bogomips	: 3191.82
clflush size	: 64
cache_alignment	: 64
address sizes	: 32 bits physical, 32 bits virtual
power management:



Memory: 4k page, physical 1014928k(30652k free), swap 13211644k(12689776k free)

vm_info: OpenJDK Client VM (24.51-b03) for linux-x86 JRE (1.7.0_55-b14), built on Apr 17 2014 20:12:39 by "buildd" with gcc 4.8.2

time: Sat May 24 18:07:54 2014
elapsed time: 0 seconds

