#
# A fatal error has been detected by the Java Runtime Environment:
#
#  SIGSEGV (0xb) at pc=0xb760a7e0, pid=3001, tid=3063634752
#
# JRE version: OpenJDK Runtime Environment (7.0_55-b14) (build 1.7.0_55-b14)
# Java VM: OpenJDK Client VM (24.51-b03 mixed mode, sharing linux-x86 )
# Problematic frame:
# C  [libc.so.6+0x777e0]  cfree+0x40
#
# Failed to write core dump. Core dumps have been disabled. To enable core dumping, try "ulimit -c unlimited" before starting Java again
#
# If you would like to submit a bug report, please include
# instructions on how to reproduce the bug and visit:
#   http://icedtea.classpath.org/bugzilla
# The crash happened outside the Java Virtual Machine in native code.
# See problematic frame for where to report the bug.
#

---------------  T H R E A D  ---------------

Current thread (0xb6807400):  JavaThread "main" [_thread_in_native, id=3002, stack(0xb6965000,0xb69b6000)]

siginfo:si_signo=SIGSEGV: si_errno=0, si_code=1 (SEGV_MAPERR), si_addr=0xb3a00000

Registers:
EAX=0xb3a00000, EBX=0xb773e000, ECX=0x00000004, EDX=0xb3aefa78
ESP=0xb69b4f30, EBP=0xb69b4f78, ESI=0x8e9521bc, EDI=0xb6807400
EIP=0xb760a7e0, EFLAGS=0x00010286, CR2=0xb3a00000

Top of Stack: (sp=0xb69b4f30)
0xb69b4f30:   b3aa4b58 b3aa3958 b6807400 b3afb000
0xb69b4f40:   8e9521bc b760a7a6 b3afb000 b3ae6c2d
0xb69b4f50:   b3aefa80 b3aefa80 8e9521bc b6807400
0xb69b4f60:   b69b4fa8 b3aefa80 b68310d0 b3ae6b7b
0xb69b4f70:   b3afb000 b6807400 b69b4fa8 b3ae6c83
0xb69b4f80:   b6807528 b3aefa80 b69b4f94 b69b4fb8
0xb69b4f90:   8e9521c0 8e9521bc b6807400 b69b4fe4
0xb69b4fa0:   b47e4a2e 8e9521c0 b69b4fe4 b47e4b33 

Instructions: (pc=0xb760a7e0)
0xb760a7c0:   c9 74 7d 8d 51 f8 8b 49 fc f6 c1 02 75 2a 83 e1
0xb760a7d0:   04 8d 83 20 04 00 00 74 09 89 d0 25 00 00 f0 ff
0xb760a7e0:   8b 00 c7 44 24 20 00 00 00 00 83 c4 18 5b e9 2d
0xb760a7f0:   cd ff ff 90 8d 74 26 00 8b 83 40 01 00 00 85 c0 

Register to memory mapping:

EAX=0xb3a00000 is an unknown value
EBX=0xb773e000: <offset 0x1ab000> in /lib/i386-linux-gnu/libc.so.6 at 0xb7593000
ECX=0x00000004 is an unknown value
EDX=0xb3aefa78: <offset 0x4ea78> in /home/orifanne/git/sr_client1/BlogService/libsslog.so at 0xb3aa1000
ESP=0xb69b4f30 is pointing into the stack for thread: 0xb6807400
EBP=0xb69b4f78 is pointing into the stack for thread: 0xb6807400
ESI=0x8e9521bc is pointing into object: 0x8e952190
{constMethod} 
 - klass: {other class}
 - constants:       0x8e951868 constant pool [273] for 'BlogService' cache=0x8e952cd0
EDI=0xb6807400 is a thread


Stack: [0xb6965000,0xb69b6000],  sp=0xb69b4f30,  free space=319k
Native frames: (J=compiled Java code, j=interpreted, Vv=VM code, C=native code)
C  [libc.so.6+0x777e0]  cfree+0x40
C  [libsslog.so+0x45c83]  Java_BlogService_loadTimeslotList+0x4c
j  BlogService.loadTimeslotList(LBlogService;)I+0
j  BlogService.getThemesFromSS()[Ljava/lang/String;+12
j  BlogService.main([Ljava/lang/String;)V+93
v  ~StubRoutines::call_stub
V  [libjvm.so+0x2a6356]  JavaCalls::call_helper(JavaValue*, methodHandle*, JavaCallArguments*, Thread*)+0x386

Java frames: (J=compiled Java code, j=interpreted, Vv=VM code)
j  BlogService.loadTimeslotList(LBlogService;)I+0
j  BlogService.getThemesFromSS()[Ljava/lang/String;+12
j  BlogService.main([Ljava/lang/String;)V+93
v  ~StubRoutines::call_stub

---------------  P R O C E S S  ---------------

Java Threads: ( => current thread )
  0xb6888400 JavaThread "Thread-0" [_thread_in_native, id=3018, stack(0xb3a50000,0xb3aa1000)]
  0xb684b400 JavaThread "Service Thread" daemon [_thread_blocked, id=3010, stack(0xb3b7d000,0xb3bce000)]
  0xb6849400 JavaThread "C1 CompilerThread0" daemon [_thread_blocked, id=3008, stack(0xb402e000,0xb40af000)]
  0xb6847800 JavaThread "Signal Dispatcher" daemon [_thread_blocked, id=3007, stack(0xb40af000,0xb4100000)]
  0xb6833000 JavaThread "Finalizer" daemon [_thread_blocked, id=3005, stack(0xb424d000,0xb429e000)]
  0xb6831800 JavaThread "Reference Handler" daemon [_thread_blocked, id=3004, stack(0xb429e000,0xb42ef000)]
=>0xb6807400 JavaThread "main" [_thread_in_native, id=3002, stack(0xb6965000,0xb69b6000)]

Other Threads:
  0xb6830000 VMThread [stack: 0xb42ef000,0xb4370000] [id=3003]
  0xb684d800 WatcherThread [stack: 0xb3afc000,0xb3b7d000] [id=3011]

VM state:not at safepoint (normal execution)

VM Mutex/Monitor currently owned by a thread: None

Heap
 def new generation   total 4736K, used 354K [0x6f930000, 0x6fe50000, 0x79e80000)
  eden space 4224K,   8% used [0x6f930000, 0x6f988928, 0x6fd50000)
  from space 512K,   0% used [0x6fd50000, 0x6fd50000, 0x6fdd0000)
  to   space 512K,   0% used [0x6fdd0000, 0x6fdd0000, 0x6fe50000)
 tenured generation   total 10624K, used 0K [0x79e80000, 0x7a8e0000, 0x8e930000)
   the space 10624K,   0% used [0x79e80000, 0x79e80000, 0x79e80200, 0x7a8e0000)
 compacting perm gen  total 12288K, used 142K [0x8e930000, 0x8f530000, 0x92930000)
   the space 12288K,   1% used [0x8e930000, 0x8e953850, 0x8e953a00, 0x8f530000)
    ro space 10240K,  58% used [0x92930000, 0x92f0cc30, 0x92f0ce00, 0x93330000)
    rw space 12288K,  59% used [0x93330000, 0x93a4d098, 0x93a4d200, 0x93f30000)

Card table byte_map: [0xb4636000,0xb475a000] byte_map_base: 0xb42b9680

Polling page: 0xb7746000

Code Cache  [0xb47da000, 0xb4872000, 0xb67da000)
 total_blobs=139 nmethods=9 adapters=68 free_code_cache=32164Kb largest_free_block=32936768

Compilation events (10 events):
Event: 0,146 Thread 0xb6849400    5             sun.nio.cs.UTF_8$Encoder::encode (361 bytes)
Event: 0,149 Thread 0xb6849400 nmethod 5 0xb486ba08 code [0xb486bb60, 0xb486bfe8]
Event: 0,154 Thread 0xb6849400    6             java.io.UnixFileSystem::normalize (75 bytes)
Event: 0,156 Thread 0xb6849400 nmethod 6 0xb486c5c8 code [0xb486c700, 0xb486c8d4]
Event: 0,156 Thread 0xb6849400    7             java.lang.String::lastIndexOf (52 bytes)
Event: 0,157 Thread 0xb6849400 nmethod 7 0xb486cb48 code [0xb486cc50, 0xb486cd5c]
Event: 0,170 Thread 0xb6849400    8             sun.nio.cs.UTF_8$Decoder::decode (640 bytes)
Event: 0,185 Thread 0xb6849400 nmethod 8 0xb486ce48 code [0xb486d220, 0xb486e61c]
Event: 0,185 Thread 0xb6849400    9             java.lang.Object::<init> (1 bytes)
Event: 0,186 Thread 0xb6849400 nmethod 9 0xb4870ac8 code [0xb4870bc0, 0xb4870c50]

GC Heap History (0 events):
No events

Deoptimization events (0 events):
No events

Internal exceptions (6 events):
Event: 0,058 Thread 0xb6807400 Threw 0x6f935898 at /build/buildd/openjdk-7-7u55-2.4.7/build/openjdk/hotspot/src/share/vm/prims/jni.cpp:3991
Event: 0,159 Thread 0xb6807400 Threw 0x6f963468 at /build/buildd/openjdk-7-7u55-2.4.7/build/openjdk/hotspot/src/share/vm/prims/jni.cpp:717
Event: 0,159 Thread 0xb6807400 Threw 0x6f963580 at /build/buildd/openjdk-7-7u55-2.4.7/build/openjdk/hotspot/src/share/vm/prims/jvm.cpp:1244
Event: 0,159 Thread 0xb6807400 Threw 0x6f963698 at /build/buildd/openjdk-7-7u55-2.4.7/build/openjdk/hotspot/src/share/vm/prims/jvm.cpp:1244
Event: 0,160 Thread 0xb6807400 Threw 0x6f9638c8 at /build/buildd/openjdk-7-7u55-2.4.7/build/openjdk/hotspot/src/share/vm/prims/jvm.cpp:1244
Event: 0,172 Thread 0xb6807400 Threw 0x6f96b470 at /build/buildd/openjdk-7-7u55-2.4.7/build/openjdk/hotspot/src/share/vm/prims/jvm.cpp:1244

Events (10 events):
Event: 0,150 loading class 0x940531b8 done
Event: 0,151 loading class 0x94052198
Event: 0,151 loading class 0x94052198 done
Event: 0,159 loading class 0x940531f8
Event: 0,159 loading class 0x940531f8 done
Event: 0,162 loading class 0x93f6b3e0
Event: 0,162 loading class 0x93f6b3e0 done
Event: 0,172 loading class 0xb68780b8
Event: 0,172 loading class 0xb68780b8 done
Event: 0,177 Thread 0xb6888400 Thread added: 0xb6888400


Dynamic libraries:
08048000-08049000 r-xp 00000000 08:05 3681499    /usr/lib/jvm/java-7-openjdk-i386/jre/bin/java
08049000-0804a000 r--p 00000000 08:05 3681499    /usr/lib/jvm/java-7-openjdk-i386/jre/bin/java
0804a000-0804b000 rw-p 00001000 08:05 3681499    /usr/lib/jvm/java-7-openjdk-i386/jre/bin/java
099e4000-09a05000 rw-p 00000000 00:00 0          [heap]
6f930000-6fe50000 rw-p 00000000 00:00 0 
6fe50000-79e80000 rw-p 00000000 00:00 0 
79e80000-7a8e0000 rw-p 00000000 00:00 0 
7a8e0000-8e930000 rw-p 00000000 00:00 0 
8e930000-8f530000 rw-p 00000000 00:00 0 
8f530000-92930000 rw-p 00000000 00:00 0 
92930000-92f0d000 r--p 00001000 08:05 3682205    /usr/lib/jvm/java-7-openjdk-i386/jre/lib/i386/client/classes.jsa
92f0d000-93330000 rw-p 00000000 00:00 0 
93330000-93a4e000 rw-p 005de000 08:05 3682205    /usr/lib/jvm/java-7-openjdk-i386/jre/lib/i386/client/classes.jsa
93a4e000-93f30000 rw-p 00000000 00:00 0 
93f30000-9423e000 rw-p 00cfc000 08:05 3682205    /usr/lib/jvm/java-7-openjdk-i386/jre/lib/i386/client/classes.jsa
9423e000-94330000 rw-p 00000000 00:00 0 
94330000-94339000 r-xp 0100a000 08:05 3682205    /usr/lib/jvm/java-7-openjdk-i386/jre/lib/i386/client/classes.jsa
94339000-94730000 rw-p 00000000 00:00 0 
b3912000-b3a50000 rw-p 00000000 00:00 0 
b3a50000-b3a53000 ---p 00000000 00:00 0 
b3a53000-b3aa1000 rw-p 00000000 00:00 0          [stack:3018]
b3aa1000-b3af9000 r-xp 00000000 08:05 1576439    /home/orifanne/git/sr_client1/BlogService/libsslog.so
b3af9000-b3afb000 r--p 00058000 08:05 1576439    /home/orifanne/git/sr_client1/BlogService/libsslog.so
b3afb000-b3afc000 rw-p 0005a000 08:05 1576439    /home/orifanne/git/sr_client1/BlogService/libsslog.so
b3afc000-b3afd000 ---p 00000000 00:00 0 
b3afd000-b3b7d000 rw-p 00000000 00:00 0          [stack:3011]
b3b7d000-b3b80000 ---p 00000000 00:00 0 
b3b80000-b3bce000 rw-p 00000000 00:00 0          [stack:3010]
b3bce000-b3d00000 r--p 00858000 08:05 3678480    /usr/lib/locale/locale-archive
b3d00000-b3f00000 r--p 00000000 08:05 3678480    /usr/lib/locale/locale-archive
b3f00000-b3f21000 rw-p 00000000 00:00 0 
b3f21000-b4000000 ---p 00000000 00:00 0 
b402e000-b4031000 ---p 00000000 00:00 0 
b4031000-b40af000 rw-p 00000000 00:00 0          [stack:3008]
b40af000-b40b2000 ---p 00000000 00:00 0 
b40b2000-b4100000 rw-p 00000000 00:00 0          [stack:3007]
b4100000-b4165000 rw-p 00000000 00:00 0 
b4165000-b4200000 ---p 00000000 00:00 0 
b4241000-b4243000 r--s 00012000 08:05 3681426    /usr/lib/jvm/java-7-openjdk-i386/jre/lib/ext/zipfs.jar
b4243000-b4246000 r--s 0000f000 08:05 3681423    /usr/lib/jvm/java-7-openjdk-i386/jre/lib/ext/pulse-java.jar
b4246000-b424a000 r--s 00085000 08:05 3681425    /usr/lib/jvm/java-7-openjdk-i386/jre/lib/ext/localedata.jar
b424a000-b424d000 r--s 00032000 08:05 3681422    /usr/lib/jvm/java-7-openjdk-i386/jre/lib/ext/sunjce_provider.jar
b424d000-b4250000 ---p 00000000 00:00 0 
b4250000-b429e000 rw-p 00000000 00:00 0          [stack:3005]
b429e000-b42a1000 ---p 00000000 00:00 0 
b42a1000-b42ef000 rw-p 00000000 00:00 0          [stack:3004]
b42ef000-b42f0000 ---p 00000000 00:00 0 
b42f0000-b43b9000 rw-p 00000000 00:00 0          [stack:3003]
b43b9000-b4568000 r--s 01cfb000 08:05 3681428    /usr/lib/jvm/java-7-openjdk-i386/jre/lib/rt.jar
b4568000-b4576000 rw-p 00000000 00:00 0 
b4576000-b4590000 rw-p 00000000 00:00 0 
b4590000-b4596000 rw-p 00000000 00:00 0 
b4596000-b4636000 rw-p 00000000 00:00 0 
b4636000-b4639000 rw-p 00000000 00:00 0 
b4639000-b4688000 rw-p 00000000 00:00 0 
b4688000-b468e000 rw-p 00000000 00:00 0 
b468e000-b472e000 rw-p 00000000 00:00 0 
b472e000-b4734000 rw-p 00000000 00:00 0 
b4734000-b474e000 rw-p 00000000 00:00 0 
b474e000-b475d000 rw-p 00000000 00:00 0 
b475d000-b47da000 rw-p 00000000 00:00 0 
b47da000-b4872000 rwxp 00000000 00:00 0 
b4872000-b67da000 rw-p 00000000 00:00 0 
b67da000-b67e5000 r-xp 00000000 08:05 4064295    /lib/i386-linux-gnu/libnss_files-2.19.so
b67e5000-b67e6000 r--p 0000a000 08:05 4064295    /lib/i386-linux-gnu/libnss_files-2.19.so
b67e6000-b67e7000 rw-p 0000b000 08:05 4064295    /lib/i386-linux-gnu/libnss_files-2.19.so
b67e7000-b67fc000 r-xp 00000000 08:05 4064289    /lib/i386-linux-gnu/libnsl-2.19.so
b67fc000-b67fd000 r--p 00015000 08:05 4064289    /lib/i386-linux-gnu/libnsl-2.19.so
b67fd000-b67fe000 rw-p 00016000 08:05 4064289    /lib/i386-linux-gnu/libnsl-2.19.so
b67fe000-b6800000 rw-p 00000000 00:00 0 
b6800000-b68a0000 rw-p 00000000 00:00 0 
b68a0000-b6900000 ---p 00000000 00:00 0 
b6900000-b6904000 r--s 0003b000 08:05 3681424    /usr/lib/jvm/java-7-openjdk-i386/jre/lib/ext/sunpkcs11.jar
b6904000-b690a000 rw-p 00000000 00:00 0 
b690a000-b6914000 r-xp 00000000 08:05 4064305    /lib/i386-linux-gnu/libnss_nis-2.19.so
b6914000-b6915000 r--p 00009000 08:05 4064305    /lib/i386-linux-gnu/libnss_nis-2.19.so
b6915000-b6916000 rw-p 0000a000 08:05 4064305    /lib/i386-linux-gnu/libnss_nis-2.19.so
b6916000-b691d000 r-xp 00000000 08:05 4064291    /lib/i386-linux-gnu/libnss_compat-2.19.so
b691d000-b691e000 r--p 00006000 08:05 4064291    /lib/i386-linux-gnu/libnss_compat-2.19.so
b691e000-b691f000 rw-p 00007000 08:05 4064291    /lib/i386-linux-gnu/libnss_compat-2.19.so
b691f000-b6920000 rw-p 00000000 00:00 0 
b6920000-b6921000 r--s 00002000 08:05 3681421    /usr/lib/jvm/java-7-openjdk-i386/jre/lib/ext/dnsns.jar
b6921000-b6929000 r-xp 00000000 08:05 3681474    /usr/lib/jvm/java-7-openjdk-i386/jre/lib/i386/libzip.so
b6929000-b692a000 r--p 00007000 08:05 3681474    /usr/lib/jvm/java-7-openjdk-i386/jre/lib/i386/libzip.so
b692a000-b692b000 rw-p 00008000 08:05 3681474    /usr/lib/jvm/java-7-openjdk-i386/jre/lib/i386/libzip.so
b692b000-b6933000 rw-s 00000000 08:05 1836018    /tmp/hsperfdata_orifanne/3001
b6933000-b695a000 r-xp 00000000 08:05 3681454    /usr/lib/jvm/java-7-openjdk-i386/jre/lib/i386/libjava.so
b695a000-b695b000 r--p 00026000 08:05 3681454    /usr/lib/jvm/java-7-openjdk-i386/jre/lib/i386/libjava.so
b695b000-b695c000 rw-p 00027000 08:05 3681454    /usr/lib/jvm/java-7-openjdk-i386/jre/lib/i386/libjava.so
b695c000-b6963000 r-xp 00000000 08:05 4064348    /lib/i386-linux-gnu/librt-2.19.so
b6963000-b6964000 r--p 00006000 08:05 4064348    /lib/i386-linux-gnu/librt-2.19.so
b6964000-b6965000 rw-p 00007000 08:05 4064348    /lib/i386-linux-gnu/librt-2.19.so
b6965000-b6968000 ---p 00000000 00:00 0 
b6968000-b69b6000 rw-p 00000000 00:00 0          [stack:3002]
b69b6000-b69d2000 r-xp 00000000 08:05 4064247    /lib/i386-linux-gnu/libgcc_s.so.1
b69d2000-b69d3000 rw-p 0001b000 08:05 4064247    /lib/i386-linux-gnu/libgcc_s.so.1
b69d3000-b6a17000 r-xp 00000000 08:05 4064270    /lib/i386-linux-gnu/libm-2.19.so
b6a17000-b6a18000 r--p 00043000 08:05 4064270    /lib/i386-linux-gnu/libm-2.19.so
b6a18000-b6a19000 rw-p 00044000 08:05 4064270    /lib/i386-linux-gnu/libm-2.19.so
b6a19000-b6af5000 r-xp 00000000 08:05 3676233    /usr/lib/i386-linux-gnu/libstdc++.so.6.0.19
b6af5000-b6af6000 ---p 000dc000 08:05 3676233    /usr/lib/i386-linux-gnu/libstdc++.so.6.0.19
b6af6000-b6afa000 r--p 000dc000 08:05 3676233    /usr/lib/i386-linux-gnu/libstdc++.so.6.0.19
b6afa000-b6afb000 rw-p 000e0000 08:05 3676233    /usr/lib/i386-linux-gnu/libstdc++.so.6.0.19
b6afb000-b6b02000 rw-p 00000000 00:00 0 
b6b02000-b7118000 r-xp 00000000 08:05 3681472    /usr/lib/jvm/java-7-openjdk-i386/jre/lib/i386/client/libjvm.so
b7118000-b712e000 r--p 00615000 08:05 3681472    /usr/lib/jvm/java-7-openjdk-i386/jre/lib/i386/client/libjvm.so
b712e000-b713d000 rw-p 0062b000 08:05 3681472    /usr/lib/jvm/java-7-openjdk-i386/jre/lib/i386/client/libjvm.so
b713d000-b7558000 rw-p 00000000 00:00 0 
b7558000-b7570000 r-xp 00000000 08:05 4064383    /lib/i386-linux-gnu/libz.so.1.2.8
b7570000-b7571000 r--p 00017000 08:05 4064383    /lib/i386-linux-gnu/libz.so.1.2.8
b7571000-b7572000 rw-p 00018000 08:05 4064383    /lib/i386-linux-gnu/libz.so.1.2.8
b7572000-b758a000 r-xp 00000000 08:05 4064340    /lib/i386-linux-gnu/libpthread-2.19.so
b758a000-b758b000 r--p 00017000 08:05 4064340    /lib/i386-linux-gnu/libpthread-2.19.so
b758b000-b758c000 rw-p 00018000 08:05 4064340    /lib/i386-linux-gnu/libpthread-2.19.so
b758c000-b758e000 rw-p 00000000 00:00 0 
b758e000-b7591000 r-xp 00000000 08:05 4064237    /lib/i386-linux-gnu/libdl-2.19.so
b7591000-b7592000 r--p 00002000 08:05 4064237    /lib/i386-linux-gnu/libdl-2.19.so
b7592000-b7593000 rw-p 00003000 08:05 4064237    /lib/i386-linux-gnu/libdl-2.19.so
b7593000-b773c000 r-xp 00000000 08:05 4064220    /lib/i386-linux-gnu/libc-2.19.so
b773c000-b773e000 r--p 001a9000 08:05 4064220    /lib/i386-linux-gnu/libc-2.19.so
b773e000-b773f000 rw-p 001ab000 08:05 4064220    /lib/i386-linux-gnu/libc-2.19.so
b773f000-b7743000 rw-p 00000000 00:00 0 
b7743000-b7745000 r--s 00006000 08:05 4336135    /usr/share/java/java-atk-wrapper.jar
b7745000-b7746000 rw-p 00000000 00:00 0 
b7746000-b7747000 r--p 00000000 00:00 0 
b7747000-b7755000 r-xp 00000000 08:05 3681465    /usr/lib/jvm/java-7-openjdk-i386/jre/lib/i386/libverify.so
b7755000-b7756000 r--p 0000d000 08:05 3681465    /usr/lib/jvm/java-7-openjdk-i386/jre/lib/i386/libverify.so
b7756000-b7757000 rw-p 0000e000 08:05 3681465    /usr/lib/jvm/java-7-openjdk-i386/jre/lib/i386/libverify.so
b7757000-b7763000 r-xp 00000000 08:05 3681456    /usr/lib/jvm/java-7-openjdk-i386/jre/lib/i386/jli/libjli.so
b7763000-b7764000 r--p 0000c000 08:05 3681456    /usr/lib/jvm/java-7-openjdk-i386/jre/lib/i386/jli/libjli.so
b7764000-b7765000 rw-p 0000d000 08:05 3681456    /usr/lib/jvm/java-7-openjdk-i386/jre/lib/i386/jli/libjli.so
b7765000-b7767000 rw-p 00000000 00:00 0 
b7767000-b7768000 r-xp 00000000 00:00 0          [vdso]
b7768000-b7788000 r-xp 00000000 08:05 4064196    /lib/i386-linux-gnu/ld-2.19.so
b7788000-b7789000 r--p 0001f000 08:05 4064196    /lib/i386-linux-gnu/ld-2.19.so
b7789000-b778a000 rw-p 00020000 08:05 4064196    /lib/i386-linux-gnu/ld-2.19.so
bfa93000-bfab4000 rw-p 00000000 00:00 0          [stack]

VM Arguments:
java_command: BlogService
Launcher Type: SUN_STANDARD

Environment Variables:
PATH=/usr/local/sbin:/usr/local/bin:/usr/sbin:/usr/bin:/sbin:/bin:/usr/games:/usr/local/games
SHELL=/bin/bash
DISPLAY=:0

Signal Handlers:
SIGSEGV: [libjvm.so+0x4d6860], sa_mask[0]=0x7ffbfeff, sa_flags=0x10000004
SIGBUS: [libjvm.so+0x4d6860], sa_mask[0]=0x7ffbfeff, sa_flags=0x10000004
SIGFPE: [libjvm.so+0x3babf0], sa_mask[0]=0x7ffbfeff, sa_flags=0x10000004
SIGPIPE: [libjvm.so+0x3babf0], sa_mask[0]=0x7ffbfeff, sa_flags=0x10000004
SIGXFSZ: [libjvm.so+0x3babf0], sa_mask[0]=0x7ffbfeff, sa_flags=0x10000004
SIGILL: [libjvm.so+0x3babf0], sa_mask[0]=0x7ffbfeff, sa_flags=0x10000004
SIGUSR1: SIG_DFL, sa_mask[0]=0x00000000, sa_flags=0x00000000
SIGUSR2: [libjvm.so+0x3baa80], sa_mask[0]=0x00000000, sa_flags=0x10000004
SIGHUP: [libjvm.so+0x3bacb0], sa_mask[0]=0x7ffbfeff, sa_flags=0x10000004
SIGINT: [libjvm.so+0x3bacb0], sa_mask[0]=0x7ffbfeff, sa_flags=0x10000004
SIGTERM: [libjvm.so+0x3bacb0], sa_mask[0]=0x7ffbfeff, sa_flags=0x10000004
SIGQUIT: [libjvm.so+0x3bacb0], sa_mask[0]=0x7ffbfeff, sa_flags=0x10000004


---------------  S Y S T E M  ---------------

OS:Ubuntu 14.04 (trusty)
uname:Linux 3.13.0-24-generic #46-Ubuntu SMP Thu Apr 10 19:08:14 UTC 2014 i686
libc:glibc 2.19 NPTL 2.19 
rlimit: STACK 8192k, CORE 0k, NPROC 7780, NOFILE 4096, AS infinity
load average:0,47 0,53 0,56

/proc/meminfo:
MemTotal:        1014928 kB
MemFree:           31364 kB
Buffers:            9196 kB
Cached:           233152 kB
SwapCached:        70268 kB
Active:           456448 kB
Inactive:         450344 kB
Active(anon):     368896 kB
Inactive(anon):   387676 kB
Active(file):      87552 kB
Inactive(file):    62668 kB
Unevictable:          16 kB
Mlocked:              16 kB
HighTotal:        125704 kB
HighFree:           5328 kB
LowTotal:         889224 kB
LowFree:           26036 kB
SwapTotal:      13211644 kB
SwapFree:       12690440 kB
Dirty:               576 kB
Writeback:             0 kB
AnonPages:        615596 kB
Mapped:            70656 kB
Shmem:             92128 kB
Slab:              37156 kB
SReclaimable:      18872 kB
SUnreclaim:        18284 kB
KernelStack:        3640 kB
PageTables:        11388 kB
NFS_Unstable:          0 kB
Bounce:                0 kB
WritebackTmp:          0 kB
CommitLimit:    13719108 kB
Committed_AS:    4714992 kB
VmallocTotal:     122880 kB
VmallocUsed:       13616 kB
VmallocChunk:      75892 kB
HardwareCorrupted:     0 kB
AnonHugePages:         0 kB
HugePages_Total:       0
HugePages_Free:        0
HugePages_Rsvd:        0
HugePages_Surp:        0
Hugepagesize:       2048 kB
DirectMap4k:      913400 kB
DirectMap2M:           0 kB


CPU:total 2 (1 cores per cpu, 2 threads per core) family 6 model 28 stepping 2, cmov, cx8, fxsr, mmx, sse, sse2, sse3, ssse3, ht, tsc

/proc/cpuinfo:
processor	: 0
vendor_id	: GenuineIntel
cpu family	: 6
model		: 28
model name	: Intel(R) Atom(TM) CPU N270   @ 1.60GHz
stepping	: 2
microcode	: 0x20a
cpu MHz		: 1600.000
cache size	: 512 KB
physical id	: 0
siblings	: 2
core id		: 0
cpu cores	: 1
apicid		: 0
initial apicid	: 0
fdiv_bug	: no
f00f_bug	: no
coma_bug	: no
fpu		: yes
fpu_exception	: yes
cpuid level	: 10
wp		: yes
flags		: fpu vme de tsc msr pae mce cx8 apic sep mtrr pge mca cmov pat clflush dts acpi mmx fxsr sse sse2 ss ht tm pbe nx constant_tsc arch_perfmon pebs bts aperfmperf pni dtes64 monitor ds_cpl est tm2 ssse3 xtpr pdcm movbe lahf_lm dtherm
bogomips	: 3191.82
clflush size	: 64
cache_alignment	: 64
address sizes	: 32 bits physical, 32 bits virtual
power management:

processor	: 1
vendor_id	: GenuineIntel
cpu family	: 6
model		: 28
model name	: Intel(R) Atom(TM) CPU N270   @ 1.60GHz
stepping	: 2
microcode	: 0x20a
cpu MHz		: 1600.000
cache size	: 512 KB
physical id	: 0
siblings	: 2
core id		: 0
cpu cores	: 1
apicid		: 1
initial apicid	: 1
fdiv_bug	: no
f00f_bug	: no
coma_bug	: no
fpu		: yes
fpu_exception	: yes
cpuid level	: 10
wp		: yes
flags		: fpu vme de tsc msr pae mce cx8 apic sep mtrr pge mca cmov pat clflush dts acpi mmx fxsr sse sse2 ss ht tm pbe nx constant_tsc arch_perfmon pebs bts aperfmperf pni dtes64 monitor ds_cpl est tm2 ssse3 xtpr pdcm movbe lahf_lm dtherm
bogomips	: 3191.82
clflush size	: 64
cache_alignment	: 64
address sizes	: 32 bits physical, 32 bits virtual
power management:



Memory: 4k page, physical 1014928k(31364k free), swap 13211644k(12690440k free)

vm_info: OpenJDK Client VM (24.51-b03) for linux-x86 JRE (1.7.0_55-b14), built on Apr 17 2014 20:12:39 by "buildd" with gcc 4.8.2

time: Sat May 24 18:16:44 2014
elapsed time: 0 seconds

