#
# A fatal error has been detected by the Java Runtime Environment:
#
#  SIGSEGV (0xb) at pc=0xb6d90c58, pid=18192, tid=3063475008
#
# JRE version: OpenJDK Runtime Environment (7.0_55-b14) (build 1.7.0_55-b14)
# Java VM: OpenJDK Client VM (24.51-b03 mixed mode, sharing linux-x86 )
# Problematic frame:
# V  [libjvm.so+0x2b5c58]  jni_GetStringUTFChars+0x48
#
# Failed to write core dump. Core dumps have been disabled. To enable core dumping, try "ulimit -c unlimited" before starting Java again
#
# If you would like to submit a bug report, please include
# instructions on how to reproduce the bug and visit:
#   http://icedtea.classpath.org/bugzilla
#

---------------  T H R E A D  ---------------

Current thread (0xb6807400):  JavaThread "main" [_thread_in_vm, id=18193, stack(0xb693e000,0xb698f000)]

siginfo:si_signo=SIGSEGV: si_errno=0, si_code=1 (SEGV_MAPERR), si_addr=0x00000000

Registers:
EAX=0x00000000, EBX=0xb7107000, ECX=0x00000000, EDX=0xb711bfcc
ESP=0xb698df60, EBP=0xb698dfe8, ESI=0xb6807400, EDI=0xb6807400
EIP=0xb6d90c58, EFLAGS=0x00010246, CR2=0x00000000

Top of Stack: (sp=0xb698df60)
0xb698df60:   b6807528 0000000a b6d50028 b7717000
0xb698df70:   00000001 b7717000 00000001 b75d22d4
0xb698df80:   b6807400 00000000 00000001 b698eb40
0xb698df90:   b698dfe8 b7755500 b711bfcc b3afb000
0xb698dfa0:   8e951e24 b6807400 b698dfe8 b3ae8668
0xb698dfb0:   b6807528 00000000 00000000 93330928
0xb698dfc0:   00000000 00000001 00000000 00000001
0xb698dfd0:   00000000 8e951e24 b6807400 b698e01c 

Instructions: (pc=0xb6d90c58)
0xb6d90c38:   24 00 00 00 00 8b 4e 04 89 74 24 20 85 c9 74 0c
0xb6d90c48:   8d 44 24 20 89 04 24 e8 2c be 12 00 8b 44 24 54
0xb6d90c58:   8b 00 89 04 24 89 44 24 1c e8 2a 1c ff ff 8d 93
0xb6d90c68:   d0 4a 01 00 8d 68 01 31 c0 80 3a 00 0f 85 96 00 

Register to memory mapping:

EAX=0x00000000 is an unknown value
EBX=0xb7107000: <offset 0x62c000> in /usr/lib/jvm/java-7-openjdk-i386/jre/lib/i386/client/libjvm.so at 0xb6adb000
ECX=0x00000000 is an unknown value
EDX=0xb711bfcc: <offset 0x640fcc> in /usr/lib/jvm/java-7-openjdk-i386/jre/lib/i386/client/libjvm.so at 0xb6adb000
ESP=0xb698df60 is pointing into the stack for thread: 0xb6807400
EBP=0xb698dfe8 is pointing into the stack for thread: 0xb6807400
ESI=0xb6807400 is a thread
EDI=0xb6807400 is a thread


Stack: [0xb693e000,0xb698f000],  sp=0xb698df60,  free space=319k
Native frames: (J=compiled Java code, j=interpreted, Vv=VM code, C=native code)
V  [libjvm.so+0x2b5c58]  jni_GetStringUTFChars+0x48
j  CameraService.publishData([Ljava/lang/String;)I+0
j  CameraService.main([Ljava/lang/String;)V+110
v  ~StubRoutines::call_stub
V  [libjvm.so+0x2a6356]  JavaCalls::call_helper(JavaValue*, methodHandle*, JavaCallArguments*, Thread*)+0x386

Java frames: (J=compiled Java code, j=interpreted, Vv=VM code)
j  CameraService.publishData([Ljava/lang/String;)I+0
j  CameraService.main([Ljava/lang/String;)V+110
v  ~StubRoutines::call_stub

---------------  P R O C E S S  ---------------

Java Threads: ( => current thread )
  0xb6877400 JavaThread "Thread-0" [_thread_in_native, id=18201, stack(0xb3a5a000,0xb3aab000)]
  0xb684b400 JavaThread "Service Thread" daemon [_thread_blocked, id=18199, stack(0xb3b7d000,0xb3bce000)]
  0xb6849400 JavaThread "C1 CompilerThread0" daemon [_thread_blocked, id=18198, stack(0xb402e000,0xb40af000)]
  0xb6847800 JavaThread "Signal Dispatcher" daemon [_thread_blocked, id=18197, stack(0xb40af000,0xb4100000)]
  0xb6833000 JavaThread "Finalizer" daemon [_thread_blocked, id=18196, stack(0xb4227000,0xb4278000)]
  0xb6831800 JavaThread "Reference Handler" daemon [_thread_blocked, id=18195, stack(0xb4278000,0xb42c9000)]
=>0xb6807400 JavaThread "main" [_thread_in_vm, id=18193, stack(0xb693e000,0xb698f000)]

Other Threads:
  0xb6830000 VMThread [stack: 0xb42c9000,0xb434a000] [id=18194]
  0xb6855800 WatcherThread [stack: 0xb3afc000,0xb3b7d000] [id=18200]

VM state:not at safepoint (normal execution)

VM Mutex/Monitor currently owned by a thread: None

Heap
 def new generation   total 4736K, used 354K [0x6f930000, 0x6fe50000, 0x79e80000)
  eden space 4224K,   8% used [0x6f930000, 0x6f988908, 0x6fd50000)
  from space 512K,   0% used [0x6fd50000, 0x6fd50000, 0x6fdd0000)
  to   space 512K,   0% used [0x6fdd0000, 0x6fdd0000, 0x6fe50000)
 tenured generation   total 10624K, used 0K [0x79e80000, 0x7a8e0000, 0x8e930000)
   the space 10624K,   0% used [0x79e80000, 0x79e80000, 0x79e80200, 0x7a8e0000)
 compacting perm gen  total 12288K, used 139K [0x8e930000, 0x8f530000, 0x92930000)
   the space 12288K,   1% used [0x8e930000, 0x8e952fa8, 0x8e953000, 0x8f530000)
    ro space 10240K,  58% used [0x92930000, 0x92f0cc30, 0x92f0ce00, 0x93330000)
    rw space 12288K,  59% used [0x93330000, 0x93a4d098, 0x93a4d200, 0x93f30000)

Card table byte_map: [0xb4616000,0xb473a000] byte_map_base: 0xb4299680

Polling page: 0xb771f000

Code Cache  [0xb47ba000, 0xb4852000, 0xb67ba000)
 total_blobs=138 nmethods=8 adapters=68 free_code_cache=32180Kb largest_free_block=32952256

Compilation events (10 events):
Event: 0,316 Thread 0xb6849400    4             java.lang.String::charAt (29 bytes)
Event: 0,317 Thread 0xb6849400 nmethod 4 0xb484b408 code [0xb484b520, 0xb484b64c]
Event: 0,328 Thread 0xb6849400    5             sun.nio.cs.UTF_8$Encoder::encode (361 bytes)
Event: 0,331 Thread 0xb6849400 nmethod 5 0xb484ba08 code [0xb484bb60, 0xb484bfe8]
Event: 0,336 Thread 0xb6849400    6             java.io.UnixFileSystem::normalize (75 bytes)
Event: 0,338 Thread 0xb6849400 nmethod 6 0xb484c5c8 code [0xb484c700, 0xb484c8d4]
Event: 0,338 Thread 0xb6849400    7             java.lang.String::lastIndexOf (52 bytes)
Event: 0,339 Thread 0xb6849400 nmethod 7 0xb484cb48 code [0xb484cc50, 0xb484cd5c]
Event: 0,353 Thread 0xb6849400    8             java.lang.Object::<init> (1 bytes)
Event: 0,354 Thread 0xb6849400 nmethod 8 0xb484ce48 code [0xb484cf40, 0xb484cfd0]

GC Heap History (0 events):
No events

Deoptimization events (0 events):
No events

Internal exceptions (6 events):
Event: 0,203 Thread 0xb6807400 Threw 0x6f935898 at /build/buildd/openjdk-7-7u55-2.4.7/build/openjdk/hotspot/src/share/vm/prims/jni.cpp:3991
Event: 0,341 Thread 0xb6807400 Threw 0x6f963498 at /build/buildd/openjdk-7-7u55-2.4.7/build/openjdk/hotspot/src/share/vm/prims/jni.cpp:717
Event: 0,341 Thread 0xb6807400 Threw 0x6f9635b0 at /build/buildd/openjdk-7-7u55-2.4.7/build/openjdk/hotspot/src/share/vm/prims/jvm.cpp:1244
Event: 0,341 Thread 0xb6807400 Threw 0x6f9636c8 at /build/buildd/openjdk-7-7u55-2.4.7/build/openjdk/hotspot/src/share/vm/prims/jvm.cpp:1244
Event: 0,341 Thread 0xb6807400 Threw 0x6f9638f8 at /build/buildd/openjdk-7-7u55-2.4.7/build/openjdk/hotspot/src/share/vm/prims/jvm.cpp:1244
Event: 0,353 Thread 0xb6807400 Threw 0x6f96a0b8 at /build/buildd/openjdk-7-7u55-2.4.7/build/openjdk/hotspot/src/share/vm/prims/jvm.cpp:1244

Events (10 events):
Event: 0,332 loading class 0x940531b8 done
Event: 0,333 loading class 0x94052198
Event: 0,333 loading class 0x94052198 done
Event: 0,340 loading class 0x940531f8
Event: 0,341 loading class 0x940531f8 done
Event: 0,343 loading class 0x93f6b3e0
Event: 0,344 loading class 0x93f6b3e0 done
Event: 0,353 loading class 0xb68770d0
Event: 0,353 loading class 0xb68770d0 done
Event: 0,355 Thread 0xb6877400 Thread added: 0xb6877400


Dynamic libraries:
08048000-08049000 r-xp 00000000 08:05 3681499    /usr/lib/jvm/java-7-openjdk-i386/jre/bin/java
08049000-0804a000 r--p 00000000 08:05 3681499    /usr/lib/jvm/java-7-openjdk-i386/jre/bin/java
0804a000-0804b000 rw-p 00001000 08:05 3681499    /usr/lib/jvm/java-7-openjdk-i386/jre/bin/java
09891000-098b2000 rw-p 00000000 00:00 0          [heap]
6f930000-6fe50000 rw-p 00000000 00:00 0 
6fe50000-79e80000 rw-p 00000000 00:00 0 
79e80000-7a8e0000 rw-p 00000000 00:00 0 
7a8e0000-8e930000 rw-p 00000000 00:00 0 
8e930000-8f530000 rw-p 00000000 00:00 0 
8f530000-92930000 rw-p 00000000 00:00 0 
92930000-92f0d000 r--p 00001000 08:05 3682205    /usr/lib/jvm/java-7-openjdk-i386/jre/lib/i386/client/classes.jsa
92f0d000-93330000 rw-p 00000000 00:00 0 
93330000-93a4e000 rw-p 005de000 08:05 3682205    /usr/lib/jvm/java-7-openjdk-i386/jre/lib/i386/client/classes.jsa
93a4e000-93f30000 rw-p 00000000 00:00 0 
93f30000-9423e000 rw-p 00cfc000 08:05 3682205    /usr/lib/jvm/java-7-openjdk-i386/jre/lib/i386/client/classes.jsa
9423e000-94330000 rw-p 00000000 00:00 0 
94330000-94339000 r-xp 0100a000 08:05 3682205    /usr/lib/jvm/java-7-openjdk-i386/jre/lib/i386/client/classes.jsa
94339000-94730000 rw-p 00000000 00:00 0 
b391c000-b3a5a000 rw-p 00000000 00:00 0 
b3a5a000-b3a5d000 ---p 00000000 00:00 0 
b3a5d000-b3aab000 rw-p 00000000 00:00 0          [stack:18201]
b3aab000-b3af9000 r-xp 00000000 08:05 1191742    /home/orifanne/workspace/CameraService/libsslog.so
b3af9000-b3afb000 r--p 0004e000 08:05 1191742    /home/orifanne/workspace/CameraService/libsslog.so
b3afb000-b3afc000 rw-p 00050000 08:05 1191742    /home/orifanne/workspace/CameraService/libsslog.so
b3afc000-b3afd000 ---p 00000000 00:00 0 
b3afd000-b3b7d000 rw-p 00000000 00:00 0          [stack:18200]
b3b7d000-b3b80000 ---p 00000000 00:00 0 
b3b80000-b3bce000 rw-p 00000000 00:00 0          [stack:18199]
b3bce000-b3d00000 r--p 00858000 08:05 3678480    /usr/lib/locale/locale-archive
b3d00000-b3f00000 r--p 00000000 08:05 3678480    /usr/lib/locale/locale-archive
b3f00000-b3f21000 rw-p 00000000 00:00 0 
b3f21000-b4000000 ---p 00000000 00:00 0 
b402e000-b4031000 ---p 00000000 00:00 0 
b4031000-b40af000 rw-p 00000000 00:00 0          [stack:18198]
b40af000-b40b2000 ---p 00000000 00:00 0 
b40b2000-b4100000 rw-p 00000000 00:00 0          [stack:18197]
b4100000-b4124000 rw-p 00000000 00:00 0 
b4124000-b4200000 ---p 00000000 00:00 0 
b4219000-b421a000 rw-p 00000000 00:00 0 
b421a000-b421c000 r--s 00012000 08:05 3681426    /usr/lib/jvm/java-7-openjdk-i386/jre/lib/ext/zipfs.jar
b421c000-b421f000 r--s 0000f000 08:05 3681423    /usr/lib/jvm/java-7-openjdk-i386/jre/lib/ext/pulse-java.jar
b421f000-b4223000 r--s 00085000 08:05 3681425    /usr/lib/jvm/java-7-openjdk-i386/jre/lib/ext/localedata.jar
b4223000-b4227000 r--s 0003b000 08:05 3681424    /usr/lib/jvm/java-7-openjdk-i386/jre/lib/ext/sunpkcs11.jar
b4227000-b422a000 ---p 00000000 00:00 0 
b422a000-b4278000 rw-p 00000000 00:00 0          [stack:18196]
b4278000-b427b000 ---p 00000000 00:00 0 
b427b000-b42c9000 rw-p 00000000 00:00 0          [stack:18195]
b42c9000-b42ca000 ---p 00000000 00:00 0 
b42ca000-b4393000 rw-p 00000000 00:00 0          [stack:18194]
b4393000-b4542000 r--s 01cfb000 08:05 3681428    /usr/lib/jvm/java-7-openjdk-i386/jre/lib/rt.jar
b4542000-b4556000 rw-p 00000000 00:00 0 
b4556000-b4570000 rw-p 00000000 00:00 0 
b4570000-b4576000 rw-p 00000000 00:00 0 
b4576000-b4616000 rw-p 00000000 00:00 0 
b4616000-b4619000 rw-p 00000000 00:00 0 
b4619000-b4668000 rw-p 00000000 00:00 0 
b4668000-b466e000 rw-p 00000000 00:00 0 
b466e000-b470e000 rw-p 00000000 00:00 0 
b470e000-b4714000 rw-p 00000000 00:00 0 
b4714000-b472e000 rw-p 00000000 00:00 0 
b472e000-b473d000 rw-p 00000000 00:00 0 
b473d000-b47ba000 rw-p 00000000 00:00 0 
b47ba000-b4852000 rwxp 00000000 00:00 0 
b4852000-b67ba000 rw-p 00000000 00:00 0 
b67ba000-b67c5000 r-xp 00000000 08:05 4064295    /lib/i386-linux-gnu/libnss_files-2.19.so
b67c5000-b67c6000 r--p 0000a000 08:05 4064295    /lib/i386-linux-gnu/libnss_files-2.19.so
b67c6000-b67c7000 rw-p 0000b000 08:05 4064295    /lib/i386-linux-gnu/libnss_files-2.19.so
b67c7000-b67d1000 r-xp 00000000 08:05 4064305    /lib/i386-linux-gnu/libnss_nis-2.19.so
b67d1000-b67d2000 r--p 00009000 08:05 4064305    /lib/i386-linux-gnu/libnss_nis-2.19.so
b67d2000-b67d3000 rw-p 0000a000 08:05 4064305    /lib/i386-linux-gnu/libnss_nis-2.19.so
b67d3000-b67e8000 r-xp 00000000 08:05 4064289    /lib/i386-linux-gnu/libnsl-2.19.so
b67e8000-b67e9000 r--p 00015000 08:05 4064289    /lib/i386-linux-gnu/libnsl-2.19.so
b67e9000-b67ea000 rw-p 00016000 08:05 4064289    /lib/i386-linux-gnu/libnsl-2.19.so
b67ea000-b67ed000 rw-p 00000000 00:00 0 
b67ed000-b67ee000 r--s 00002000 08:05 3681421    /usr/lib/jvm/java-7-openjdk-i386/jre/lib/ext/dnsns.jar
b67ee000-b67f6000 r-xp 00000000 08:05 3681474    /usr/lib/jvm/java-7-openjdk-i386/jre/lib/i386/libzip.so
b67f6000-b67f7000 r--p 00007000 08:05 3681474    /usr/lib/jvm/java-7-openjdk-i386/jre/lib/i386/libzip.so
b67f7000-b67f8000 rw-p 00008000 08:05 3681474    /usr/lib/jvm/java-7-openjdk-i386/jre/lib/i386/libzip.so
b67f8000-b6800000 rw-s 00000000 08:05 1835053    /tmp/hsperfdata_orifanne/18192
b6800000-b688d000 rw-p 00000000 00:00 0 
b688d000-b6900000 ---p 00000000 00:00 0 
b6900000-b6903000 r--s 00032000 08:05 3681422    /usr/lib/jvm/java-7-openjdk-i386/jre/lib/ext/sunjce_provider.jar
b6903000-b690a000 r-xp 00000000 08:05 4064291    /lib/i386-linux-gnu/libnss_compat-2.19.so
b690a000-b690b000 r--p 00006000 08:05 4064291    /lib/i386-linux-gnu/libnss_compat-2.19.so
b690b000-b690c000 rw-p 00007000 08:05 4064291    /lib/i386-linux-gnu/libnss_compat-2.19.so
b690c000-b6933000 r-xp 00000000 08:05 3681454    /usr/lib/jvm/java-7-openjdk-i386/jre/lib/i386/libjava.so
b6933000-b6934000 r--p 00026000 08:05 3681454    /usr/lib/jvm/java-7-openjdk-i386/jre/lib/i386/libjava.so
b6934000-b6935000 rw-p 00027000 08:05 3681454    /usr/lib/jvm/java-7-openjdk-i386/jre/lib/i386/libjava.so
b6935000-b693c000 r-xp 00000000 08:05 4064348    /lib/i386-linux-gnu/librt-2.19.so
b693c000-b693d000 r--p 00006000 08:05 4064348    /lib/i386-linux-gnu/librt-2.19.so
b693d000-b693e000 rw-p 00007000 08:05 4064348    /lib/i386-linux-gnu/librt-2.19.so
b693e000-b6941000 ---p 00000000 00:00 0 
b6941000-b698f000 rw-p 00000000 00:00 0          [stack:18193]
b698f000-b69ab000 r-xp 00000000 08:05 4064247    /lib/i386-linux-gnu/libgcc_s.so.1
b69ab000-b69ac000 rw-p 0001b000 08:05 4064247    /lib/i386-linux-gnu/libgcc_s.so.1
b69ac000-b69f0000 r-xp 00000000 08:05 4064270    /lib/i386-linux-gnu/libm-2.19.so
b69f0000-b69f1000 r--p 00043000 08:05 4064270    /lib/i386-linux-gnu/libm-2.19.so
b69f1000-b69f2000 rw-p 00044000 08:05 4064270    /lib/i386-linux-gnu/libm-2.19.so
b69f2000-b6ace000 r-xp 00000000 08:05 3676233    /usr/lib/i386-linux-gnu/libstdc++.so.6.0.19
b6ace000-b6acf000 ---p 000dc000 08:05 3676233    /usr/lib/i386-linux-gnu/libstdc++.so.6.0.19
b6acf000-b6ad3000 r--p 000dc000 08:05 3676233    /usr/lib/i386-linux-gnu/libstdc++.so.6.0.19
b6ad3000-b6ad4000 rw-p 000e0000 08:05 3676233    /usr/lib/i386-linux-gnu/libstdc++.so.6.0.19
b6ad4000-b6adb000 rw-p 00000000 00:00 0 
b6adb000-b70f1000 r-xp 00000000 08:05 3681472    /usr/lib/jvm/java-7-openjdk-i386/jre/lib/i386/client/libjvm.so
b70f1000-b7107000 r--p 00615000 08:05 3681472    /usr/lib/jvm/java-7-openjdk-i386/jre/lib/i386/client/libjvm.so
b7107000-b7116000 rw-p 0062b000 08:05 3681472    /usr/lib/jvm/java-7-openjdk-i386/jre/lib/i386/client/libjvm.so
b7116000-b7531000 rw-p 00000000 00:00 0 
b7531000-b7549000 r-xp 00000000 08:05 4064383    /lib/i386-linux-gnu/libz.so.1.2.8
b7549000-b754a000 r--p 00017000 08:05 4064383    /lib/i386-linux-gnu/libz.so.1.2.8
b754a000-b754b000 rw-p 00018000 08:05 4064383    /lib/i386-linux-gnu/libz.so.1.2.8
b754b000-b7563000 r-xp 00000000 08:05 4064340    /lib/i386-linux-gnu/libpthread-2.19.so
b7563000-b7564000 r--p 00017000 08:05 4064340    /lib/i386-linux-gnu/libpthread-2.19.so
b7564000-b7565000 rw-p 00018000 08:05 4064340    /lib/i386-linux-gnu/libpthread-2.19.so
b7565000-b7567000 rw-p 00000000 00:00 0 
b7567000-b756a000 r-xp 00000000 08:05 4064237    /lib/i386-linux-gnu/libdl-2.19.so
b756a000-b756b000 r--p 00002000 08:05 4064237    /lib/i386-linux-gnu/libdl-2.19.so
b756b000-b756c000 rw-p 00003000 08:05 4064237    /lib/i386-linux-gnu/libdl-2.19.so
b756c000-b7715000 r-xp 00000000 08:05 4064220    /lib/i386-linux-gnu/libc-2.19.so
b7715000-b7717000 r--p 001a9000 08:05 4064220    /lib/i386-linux-gnu/libc-2.19.so
b7717000-b7718000 rw-p 001ab000 08:05 4064220    /lib/i386-linux-gnu/libc-2.19.so
b7718000-b771c000 rw-p 00000000 00:00 0 
b771c000-b771e000 r--s 00006000 08:05 4336135    /usr/share/java/java-atk-wrapper.jar
b771e000-b771f000 rw-p 00000000 00:00 0 
b771f000-b7720000 r--p 00000000 00:00 0 
b7720000-b772e000 r-xp 00000000 08:05 3681465    /usr/lib/jvm/java-7-openjdk-i386/jre/lib/i386/libverify.so
b772e000-b772f000 r--p 0000d000 08:05 3681465    /usr/lib/jvm/java-7-openjdk-i386/jre/lib/i386/libverify.so
b772f000-b7730000 rw-p 0000e000 08:05 3681465    /usr/lib/jvm/java-7-openjdk-i386/jre/lib/i386/libverify.so
b7730000-b773c000 r-xp 00000000 08:05 3681456    /usr/lib/jvm/java-7-openjdk-i386/jre/lib/i386/jli/libjli.so
b773c000-b773d000 r--p 0000c000 08:05 3681456    /usr/lib/jvm/java-7-openjdk-i386/jre/lib/i386/jli/libjli.so
b773d000-b773e000 rw-p 0000d000 08:05 3681456    /usr/lib/jvm/java-7-openjdk-i386/jre/lib/i386/jli/libjli.so
b773e000-b7740000 rw-p 00000000 00:00 0 
b7740000-b7741000 r-xp 00000000 00:00 0          [vdso]
b7741000-b7761000 r-xp 00000000 08:05 4064196    /lib/i386-linux-gnu/ld-2.19.so
b7761000-b7762000 r--p 0001f000 08:05 4064196    /lib/i386-linux-gnu/ld-2.19.so
b7762000-b7763000 rw-p 00020000 08:05 4064196    /lib/i386-linux-gnu/ld-2.19.so
bfa6f000-bfa90000 rw-p 00000000 00:00 0          [stack]

VM Arguments:
java_command: CameraService
Launcher Type: SUN_STANDARD

Environment Variables:
PATH=/usr/local/sbin:/usr/local/bin:/usr/sbin:/usr/bin:/sbin:/bin:/usr/games:/usr/local/games
SHELL=/bin/bash
DISPLAY=:0

Signal Handlers:
SIGSEGV: [libjvm.so+0x4d6860], sa_mask[0]=0x7ffbfeff, sa_flags=0x10000004
SIGBUS: [libjvm.so+0x4d6860], sa_mask[0]=0x7ffbfeff, sa_flags=0x10000004
SIGFPE: [libjvm.so+0x3babf0], sa_mask[0]=0x7ffbfeff, sa_flags=0x10000004
SIGPIPE: [libjvm.so+0x3babf0], sa_mask[0]=0x7ffbfeff, sa_flags=0x10000004
SIGXFSZ: [libjvm.so+0x3babf0], sa_mask[0]=0x7ffbfeff, sa_flags=0x10000004
SIGILL: [libjvm.so+0x3babf0], sa_mask[0]=0x7ffbfeff, sa_flags=0x10000004
SIGUSR1: SIG_DFL, sa_mask[0]=0x00000000, sa_flags=0x00000000
SIGUSR2: [libjvm.so+0x3baa80], sa_mask[0]=0x00000000, sa_flags=0x10000004
SIGHUP: [libjvm.so+0x3bacb0], sa_mask[0]=0x7ffbfeff, sa_flags=0x10000004
SIGINT: [libjvm.so+0x3bacb0], sa_mask[0]=0x7ffbfeff, sa_flags=0x10000004
SIGTERM: [libjvm.so+0x3bacb0], sa_mask[0]=0x7ffbfeff, sa_flags=0x10000004
SIGQUIT: [libjvm.so+0x3bacb0], sa_mask[0]=0x7ffbfeff, sa_flags=0x10000004


---------------  S Y S T E M  ---------------

OS:Ubuntu 14.04 (trusty)
uname:Linux 3.13.0-24-generic #46-Ubuntu SMP Thu Apr 10 19:08:14 UTC 2014 i686
libc:glibc 2.19 NPTL 2.19 
rlimit: STACK 8192k, CORE 0k, NPROC 7780, NOFILE 4096, AS infinity
load average:0,64 0,64 0,54

/proc/meminfo:
MemTotal:        1014928 kB
MemFree:           35448 kB
Buffers:            7712 kB
Cached:           258680 kB
SwapCached:        35176 kB
Active:           446260 kB
Inactive:         454112 kB
Active(anon):     371600 kB
Inactive(anon):   381572 kB
Active(file):      74660 kB
Inactive(file):    72540 kB
Unevictable:          16 kB
Mlocked:              16 kB
HighTotal:        125704 kB
HighFree:           2988 kB
LowTotal:         889224 kB
LowFree:           32460 kB
SwapTotal:      13211644 kB
SwapFree:       12883720 kB
Dirty:               628 kB
Writeback:             0 kB
AnonPages:        618356 kB
Mapped:            88964 kB
Shmem:            119188 kB
Slab:              39128 kB
SReclaimable:      21508 kB
SUnreclaim:        17620 kB
KernelStack:        3760 kB
PageTables:        11404 kB
NFS_Unstable:          0 kB
Bounce:                0 kB
WritebackTmp:          0 kB
CommitLimit:    13719108 kB
Committed_AS:    4628668 kB
VmallocTotal:     122880 kB
VmallocUsed:       13616 kB
VmallocChunk:      89060 kB
HardwareCorrupted:     0 kB
AnonHugePages:         0 kB
HugePages_Total:       0
HugePages_Free:        0
HugePages_Rsvd:        0
HugePages_Surp:        0
Hugepagesize:       2048 kB
DirectMap4k:      913400 kB
DirectMap2M:           0 kB


CPU:total 2 (1 cores per cpu, 2 threads per core) family 6 model 28 stepping 2, cmov, cx8, fxsr, mmx, sse, sse2, sse3, ssse3, ht, tsc

/proc/cpuinfo:
processor	: 0
vendor_id	: GenuineIntel
cpu family	: 6
model		: 28
model name	: Intel(R) Atom(TM) CPU N270   @ 1.60GHz
stepping	: 2
microcode	: 0x20a
cpu MHz		: 1600.000
cache size	: 512 KB
physical id	: 0
siblings	: 2
core id		: 0
cpu cores	: 1
apicid		: 0
initial apicid	: 0
fdiv_bug	: no
f00f_bug	: no
coma_bug	: no
fpu		: yes
fpu_exception	: yes
cpuid level	: 10
wp		: yes
flags		: fpu vme de tsc msr pae mce cx8 apic sep mtrr pge mca cmov pat clflush dts acpi mmx fxsr sse sse2 ss ht tm pbe nx constant_tsc arch_perfmon pebs bts aperfmperf pni dtes64 monitor ds_cpl est tm2 ssse3 xtpr pdcm movbe lahf_lm dtherm
bogomips	: 3191.82
clflush size	: 64
cache_alignment	: 64
address sizes	: 32 bits physical, 32 bits virtual
power management:

processor	: 1
vendor_id	: GenuineIntel
cpu family	: 6
model		: 28
model name	: Intel(R) Atom(TM) CPU N270   @ 1.60GHz
stepping	: 2
microcode	: 0x20a
cpu MHz		: 1600.000
cache size	: 512 KB
physical id	: 0
siblings	: 2
core id		: 0
cpu cores	: 1
apicid		: 1
initial apicid	: 1
fdiv_bug	: no
f00f_bug	: no
coma_bug	: no
fpu		: yes
fpu_exception	: yes
cpuid level	: 10
wp		: yes
flags		: fpu vme de tsc msr pae mce cx8 apic sep mtrr pge mca cmov pat clflush dts acpi mmx fxsr sse sse2 ss ht tm pbe nx constant_tsc arch_perfmon pebs bts aperfmperf pni dtes64 monitor ds_cpl est tm2 ssse3 xtpr pdcm movbe lahf_lm dtherm
bogomips	: 3191.82
clflush size	: 64
cache_alignment	: 64
address sizes	: 32 bits physical, 32 bits virtual
power management:



Memory: 4k page, physical 1014928k(35448k free), swap 13211644k(12883720k free)

vm_info: OpenJDK Client VM (24.51-b03) for linux-x86 JRE (1.7.0_55-b14), built on Apr 17 2014 20:12:39 by "buildd" with gcc 4.8.2

time: Fri May 23 18:49:37 2014
elapsed time: 0 seconds

